1652693333_mult0.0_dec5e-05_r0.5,1652693593.913,-0.2032,-0.2011
1652693333_mult0.0_dec5e-05_r0.5,1652693656.121,0.4239,-0.1841
1652693333_mult0.0_dec5e-05_r0.5,1652693723.473,0.2638,-0.3334
1652693333_mult0.0_dec5e-05_r0.5,1652693791.171,0.4518,-0.0971
1652693333_mult0.0_dec5e-05_r0.5,1652693855.892,0.4475,-0.1153
1652693333_mult0.0_dec5e-05_r0.5,1652693923.402,0.4522,-0.0954
1652693333_mult0.0_dec5e-05_r0.5,1652693990.759,0.4426,-0.1329
1652693333_mult0.0_dec5e-05_r0.5,1652694057.343,0.4491,-0.1089
1652693333_mult0.0_dec5e-05_r0.5,1652694124.998,0.4205,-0.1915
1652693333_mult0.0_dec5e-05_r0.5,1652694193.119,0.4322,-0.1637
1652693333_mult0.0_dec5e-05_r0.5,1652694260.847,0.4094,-0.2143
1652693333_mult0.0_dec5e-05_r0.5,1652694328.493,0.0579,-0.3575
1652693333_mult0.0_dec5e-05_r0.5,1652694393.256,0.4561,-0.0746
1652693333_mult0.0_dec5e-05_r0.5,1652694460.28,0.4433,-0.1305
1652693333_mult0.0_dec5e-05_r0.5,1652694527.86,0.4489,-0.1097
1652693333_mult0.0_dec5e-05_r0.5,1652694594.697,0.4549,-0.0811
1652693333_mult0.0_dec5e-05_r0.5,1652694661.683,-0.4561,-0.0742
1652693333_mult0.0_dec5e-05_r0.5,1652694729.212,-0.2606,-0.1982
1652693333_mult0.0_dec5e-05_r0.5,1652694796.905,-0.4585,-0.0574
1652693333_mult0.0_dec5e-05_r0.5,1652694864.05,0.45,-0.105
1652693333_mult0.0_dec5e-05_r0.5,1652694930.911,0.4453,-0.1237
1652693333_mult0.0_dec5e-05_r0.5,1652694998.535,0.4558,-0.0759
1652693333_mult0.0_dec5e-05_r0.5,1652695065.948,0.4538,-0.0872
1652693333_mult0.0_dec5e-05_r0.5,1652695133.246,0.452,-0.096
1652693333_mult0.0_dec5e-05_r0.5,1652695199.633,0.4559,-0.0757
1652693333_mult0.0_dec5e-05_r0.5,1652695267.046,0.4518,-0.0969
1652693333_mult0.0_dec5e-05_r0.5,1652695333.204,-0.462,-0.0085
1652693333_mult0.0_dec5e-05_r0.5,1652695400.694,0.4506,-0.1024
1652693333_mult0.0_dec5e-05_r0.5,1652695468.178,-0.4621,0.0075
1652693333_mult0.0_dec5e-05_r0.5,1652695534.999,0.4556,-0.0776
