1652689206_mult0.0_dec5e-05_r5.0,1652689226.507,-0.113,-0.1273
1652689206_mult0.0_dec5e-05_r5.0,1652689227.322,-0.3828,0.6291
1652689206_mult0.0_dec5e-05_r5.0,1652689229.133,-0.6543,0.5048
1652689206_mult0.0_dec5e-05_r5.0,1652689230.471,-0.6676,0.5444
1652689206_mult0.0_dec5e-05_r5.0,1652689231.666,-0.3211,0.3617
1652689206_mult0.0_dec5e-05_r5.0,1652689232.838,-0.7538,0.5473
1652689206_mult0.0_dec5e-05_r5.0,1652689234.02,-0.7772,0.5631
1652689206_mult0.0_dec5e-05_r5.0,1652689235.185,-0.807,0.5664
1652689206_mult0.0_dec5e-05_r5.0,1652689236.391,-0.7995,0.5692
1652689206_mult0.0_dec5e-05_r5.0,1652689237.558,-0.7865,0.5649
1652689206_mult0.0_dec5e-05_r5.0,1652689238.737,-0.7927,0.594
1652689206_mult0.0_dec5e-05_r5.0,1652689239.918,-0.8097,0.5725
1652689206_mult0.0_dec5e-05_r5.0,1652689241.087,-0.7782,0.5736
1652689206_mult0.0_dec5e-05_r5.0,1652689242.292,-0.7753,0.5745
1652689206_mult0.0_dec5e-05_r5.0,1652689243.478,-0.8191,0.5536
1652689206_mult0.0_dec5e-05_r5.0,1652689244.667,-0.806,0.5827
1652689206_mult0.0_dec5e-05_r5.0,1652689245.837,-0.7647,0.5828
1652689206_mult0.0_dec5e-05_r5.0,1652689247.095,-0.7833,0.6148
1652689206_mult0.0_dec5e-05_r5.0,1652689248.292,-0.7939,0.6017
1652689206_mult0.0_dec5e-05_r5.0,1652689249.475,-0.8039,0.5844
1652689206_mult0.0_dec5e-05_r5.0,1652689250.718,-0.7855,0.6062
1652689206_mult0.0_dec5e-05_r5.0,1652689251.91,-0.8097,0.5825
1652689206_mult0.0_dec5e-05_r5.0,1652689253.111,-0.8115,0.5671
1652689206_mult0.0_dec5e-05_r5.0,1652689254.311,-0.8036,0.578
1652689206_mult0.0_dec5e-05_r5.0,1652689255.51,-0.8081,0.5838
1652689206_mult0.0_dec5e-05_r5.0,1652689256.717,-0.8132,0.5717
1652689206_mult0.0_dec5e-05_r5.0,1652689257.91,-0.8084,0.5819
1652689206_mult0.0_dec5e-05_r5.0,1652689259.57,-0.8088,0.5827
1652689206_mult0.0_dec5e-05_r5.0,1652689261.084,-0.8076,0.5833
1652689206_mult0.0_dec5e-05_r5.0,1652689262.433,-0.8093,0.5841
