1652693210_mult0.0_dec5e-05_r1.0,1652693251.961,0.3475,-0.1393
1652693210_mult0.0_dec5e-05_r1.0,1652693259.33,-0.2315,0.3728
1652693210_mult0.0_dec5e-05_r1.0,1652693268.298,-0.0973,0.5466
1652693210_mult0.0_dec5e-05_r1.0,1652693276.846,-0.3343,0.2749
1652693210_mult0.0_dec5e-05_r1.0,1652693285.534,-0.5457,0.1023
1652693210_mult0.0_dec5e-05_r1.0,1652693294.104,0.3281,-0.2129
1652693210_mult0.0_dec5e-05_r1.0,1652693302.783,0.2292,-0.4581
1652693210_mult0.0_dec5e-05_r1.0,1652693311.386,-0.5672,0.5082
1652693210_mult0.0_dec5e-05_r1.0,1652693320.037,0.3403,0.0798
1652693210_mult0.0_dec5e-05_r1.0,1652693328.843,0.3024,-0.699
1652693210_mult0.0_dec5e-05_r1.0,1652693337.476,0.058,0.2404
1652693210_mult0.0_dec5e-05_r1.0,1652693346.098,0.0815,-0.447
1652693210_mult0.0_dec5e-05_r1.0,1652693354.921,-0.455,0.4158
1652693210_mult0.0_dec5e-05_r1.0,1652693363.504,-0.2319,-0.0704
1652693210_mult0.0_dec5e-05_r1.0,1652693372.172,-0.5788,-0.3072
1652693210_mult0.0_dec5e-05_r1.0,1652693380.75,-0.3163,-0.1812
1652693210_mult0.0_dec5e-05_r1.0,1652693389.583,-0.5677,-0.3095
1652693210_mult0.0_dec5e-05_r1.0,1652693398.198,0.0214,0.1578
1652693210_mult0.0_dec5e-05_r1.0,1652693409.341,-0.5875,-0.2851
1652693210_mult0.0_dec5e-05_r1.0,1652693418.123,-0.7196,-0.2494
1652693210_mult0.0_dec5e-05_r1.0,1652693426.75,-0.7011,-0.2974
1652693210_mult0.0_dec5e-05_r1.0,1652693435.449,-0.699,-0.3024
1652693210_mult0.0_dec5e-05_r1.0,1652693444.309,-0.2483,-0.1883
1652693210_mult0.0_dec5e-05_r1.0,1652693453.004,-0.7068,-0.2836
1652693210_mult0.0_dec5e-05_r1.0,1652693461.801,-0.692,-0.318
1652693210_mult0.0_dec5e-05_r1.0,1652693470.41,-0.6886,-0.3253
1652693210_mult0.0_dec5e-05_r1.0,1652693479.264,-0.67,-0.2543
1652693210_mult0.0_dec5e-05_r1.0,1652693487.863,-0.6108,-0.1837
1652693210_mult0.0_dec5e-05_r1.0,1652693496.496,-0.3119,0.1433
1652693210_mult0.0_dec5e-05_r1.0,1652693505.302,-0.6866,-0.3296
