1652684190_mult0.0_dec5e-05_r0.3,1652684204.029,-0.113,-0.1273
1652684190_mult0.0_dec5e-05_r0.3,1652684204.875,-0.0555,0.286
1652684190_mult0.0_dec5e-05_r0.3,1652684206.105,-0.0995,0.2738
1652684190_mult0.0_dec5e-05_r0.3,1652684207.356,-0.1653,0.2399
1652684190_mult0.0_dec5e-05_r0.3,1652684208.594,0.2353,0.1717
1652684190_mult0.0_dec5e-05_r0.3,1652684209.837,-0.2467,0.1549
1652684190_mult0.0_dec5e-05_r0.3,1652684211.125,-0.2187,0.1925
1652684190_mult0.0_dec5e-05_r0.3,1652684212.379,-0.2413,0.1632
1652684190_mult0.0_dec5e-05_r0.3,1652684213.648,-0.2314,0.1769
1652684190_mult0.0_dec5e-05_r0.3,1652684215.039,-0.2314,0.177
1652684190_mult0.0_dec5e-05_r0.3,1652684216.487,-0.2432,0.1604
1652684190_mult0.0_dec5e-05_r0.3,1652684217.774,-0.2412,0.1633
1652684190_mult0.0_dec5e-05_r0.3,1652684219.062,-0.2433,0.1602
1652684190_mult0.0_dec5e-05_r0.3,1652684220.302,-0.2375,0.1687
1652684190_mult0.0_dec5e-05_r0.3,1652684221.623,-0.2383,0.1676
1652684190_mult0.0_dec5e-05_r0.3,1652684222.917,-0.2366,0.1699
1652684190_mult0.0_dec5e-05_r0.3,1652684224.183,-0.205,0.2069
1652684190_mult0.0_dec5e-05_r0.3,1652684225.612,-0.2521,0.1459
1652684190_mult0.0_dec5e-05_r0.3,1652684226.903,-0.2405,0.1644
1652684190_mult0.0_dec5e-05_r0.3,1652684228.208,-0.2453,0.1571
1652684190_mult0.0_dec5e-05_r0.3,1652684230.499,-0.2382,0.1677
1652684190_mult0.0_dec5e-05_r0.3,1652684231.796,-0.2434,0.1601
1652684190_mult0.0_dec5e-05_r0.3,1652684233.093,-0.2365,0.1701
1652684190_mult0.0_dec5e-05_r0.3,1652684234.388,-0.2488,0.1515
1652684190_mult0.0_dec5e-05_r0.3,1652684235.744,-0.2382,0.1677
1652684190_mult0.0_dec5e-05_r0.3,1652684237.101,-0.2429,0.1608
1652684190_mult0.0_dec5e-05_r0.3,1652684238.405,-0.2393,0.1661
1652684190_mult0.0_dec5e-05_r0.3,1652684239.735,-0.2416,0.1628
1652684190_mult0.0_dec5e-05_r0.3,1652684241.07,-0.2479,0.1531
1652684190_mult0.0_dec5e-05_r0.3,1652684242.424,-0.2407,0.164
