1652694040_mult0.0_dec5e-05_r1.0,1652694300.347,-0.2032,-0.2011
1652694040_mult0.0_dec5e-05_r1.0,1652694361.992,-0.1912,-0.2639
1652694040_mult0.0_dec5e-05_r1.0,1652694428.755,0.7545,-0.1038
1652694040_mult0.0_dec5e-05_r1.0,1652694497.984,0.7489,-0.1384
1652694040_mult0.0_dec5e-05_r1.0,1652694566.584,0.7476,-0.1454
1652694040_mult0.0_dec5e-05_r1.0,1652694636.51,0.7616,0.0
1652694040_mult0.0_dec5e-05_r1.0,1652694704.929,0.7447,-0.1596
1652694040_mult0.0_dec5e-05_r1.0,1652694773.376,0.7504,-0.1303
1652694040_mult0.0_dec5e-05_r1.0,1652694841.265,0.7528,-0.1152
1652694040_mult0.0_dec5e-05_r1.0,1652694909.731,0.753,-0.1141
1652694040_mult0.0_dec5e-05_r1.0,1652694977.044,0.756,-0.0923
1652694040_mult0.0_dec5e-05_r1.0,1652695045.38,0.7345,-0.2012
1652694040_mult0.0_dec5e-05_r1.0,1652695113.251,0.7417,-0.1728
1652694040_mult0.0_dec5e-05_r1.0,1652695181.814,0.7379,-0.1886
1652694040_mult0.0_dec5e-05_r1.0,1652695249.162,0.7427,-0.1686
1652694040_mult0.0_dec5e-05_r1.0,1652695317.578,0.7489,-0.1385
1652694040_mult0.0_dec5e-05_r1.0,1652695384.118,0.7405,-0.1781
1652694040_mult0.0_dec5e-05_r1.0,1652695452.327,0.7426,-0.1689
1652694040_mult0.0_dec5e-05_r1.0,1652695520.468,0.7454,-0.156
1652694040_mult0.0_dec5e-05_r1.0,1652695589.017,0.7407,-0.1774
1652694040_mult0.0_dec5e-05_r1.0,1652695656.715,0.7439,-0.1633
1652694040_mult0.0_dec5e-05_r1.0,1652695724.988,0.7426,-0.1689
1652694040_mult0.0_dec5e-05_r1.0,1652695792.643,0.7457,-0.1549
1652694040_mult0.0_dec5e-05_r1.0,1652695860.501,-0.0413,-0.0406
1652694040_mult0.0_dec5e-05_r1.0,1652695928.106,0.7398,-0.1809
1652694040_mult0.0_dec5e-05_r1.0,1652695996.156,0.7444,-0.1611
1652694040_mult0.0_dec5e-05_r1.0,1652696064.833,0.0145,-0.0186
1652694040_mult0.0_dec5e-05_r1.0,1652696133.716,0.7462,-0.1521
1652694040_mult0.0_dec5e-05_r1.0,1652696199.173,-0.0395,-0.0448
1652694040_mult0.0_dec5e-05_r1.0,1652696266.71,0.7429,-0.1675
