1652692963_mult0.0_dec5e-05_r0.7,1652693011.65,0.3475,-0.1393
1652692963_mult0.0_dec5e-05_r0.7,1652693019.146,-0.1373,0.3584
1652692963_mult0.0_dec5e-05_r0.7,1652693027.788,-0.1553,0.4605
1652692963_mult0.0_dec5e-05_r0.7,1652693036.361,-0.4965,0.3156
1652692963_mult0.0_dec5e-05_r0.7,1652693044.986,-0.4615,-0.2504
1652692963_mult0.0_dec5e-05_r0.7,1652693053.718,0.1517,-0.585
1652692963_mult0.0_dec5e-05_r0.7,1652693062.39,-0.0773,-0.1119
1652692963_mult0.0_dec5e-05_r0.7,1652693070.989,-0.2034,0.5691
1652692963_mult0.0_dec5e-05_r0.7,1652693079.81,0.0356,0.6033
1652692963_mult0.0_dec5e-05_r0.7,1652693088.425,-0.0985,0.0434
1652692963_mult0.0_dec5e-05_r0.7,1652693097.115,-0.419,0.2289
1652692963_mult0.0_dec5e-05_r0.7,1652693105.744,-0.5706,0.0169
1652692963_mult0.0_dec5e-05_r0.7,1652693114.592,-0.5946,0.1084
1652692963_mult0.0_dec5e-05_r0.7,1652693123.175,0.1044,-0.5506
1652692963_mult0.0_dec5e-05_r0.7,1652693131.889,-0.2341,0.1296
1652692963_mult0.0_dec5e-05_r0.7,1652693140.653,-0.2571,0.3779
1652692963_mult0.0_dec5e-05_r0.7,1652693149.335,-0.4921,0.098
1652692963_mult0.0_dec5e-05_r0.7,1652693157.929,-0.3547,0.4894
1652692963_mult0.0_dec5e-05_r0.7,1652693166.622,0.2799,0.5356
1652692963_mult0.0_dec5e-05_r0.7,1652693175.254,-0.3592,0.486
1652692963_mult0.0_dec5e-05_r0.7,1652693183.906,-0.4209,0.383
1652692963_mult0.0_dec5e-05_r0.7,1652693192.529,0.4222,0.4325
1652692963_mult0.0_dec5e-05_r0.7,1652693201.405,0.4777,0.1899
1652692963_mult0.0_dec5e-05_r0.7,1652693209.998,-0.2471,-0.1061
1652692963_mult0.0_dec5e-05_r0.7,1652693218.7,-0.3681,0.4793
1652692963_mult0.0_dec5e-05_r0.7,1652693227.5,0.0065,0.5276
1652692963_mult0.0_dec5e-05_r0.7,1652693236.181,0.3006,0.3823
1652692963_mult0.0_dec5e-05_r0.7,1652693244.824,0.168,0.1317
1652692963_mult0.0_dec5e-05_r0.7,1652693253.468,0.3204,0.2449
1652692963_mult0.0_dec5e-05_r0.7,1652693262.312,0.1944,-0.5192
