1652693267_mult0.0_dec5e-05_r0.3,1652693505.135,-0.2032,-0.2011
1652693267_mult0.0_dec5e-05_r0.3,1652693551.082,0.2491,-0.151
1652693267_mult0.0_dec5e-05_r0.3,1652693602.137,0.2574,-0.1363
1652693267_mult0.0_dec5e-05_r0.3,1652693653.051,0.2908,0.0166
1652693267_mult0.0_dec5e-05_r0.3,1652693703.559,0.2901,-0.0267
1652693267_mult0.0_dec5e-05_r0.3,1652693754.011,0.2903,0.0244
1652693267_mult0.0_dec5e-05_r0.3,1652693804.963,0.2903,-0.0245
1652693267_mult0.0_dec5e-05_r0.3,1652693855.834,0.2815,-0.0751
1652693267_mult0.0_dec5e-05_r0.3,1652693906.86,0.2147,-0.1969
1652693267_mult0.0_dec5e-05_r0.3,1652693957.077,0.2913,0.0052
1652693267_mult0.0_dec5e-05_r0.3,1652694007.561,0.2739,-0.0992
1652693267_mult0.0_dec5e-05_r0.3,1652694058.334,0.2805,-0.0786
1652693267_mult0.0_dec5e-05_r0.3,1652694109.215,0.2877,-0.0457
1652693267_mult0.0_dec5e-05_r0.3,1652694159.764,0.2861,-0.0547
1652693267_mult0.0_dec5e-05_r0.3,1652694210.396,0.2883,-0.0419
1652693267_mult0.0_dec5e-05_r0.3,1652694261.197,0.2897,-0.0306
1652693267_mult0.0_dec5e-05_r0.3,1652694311.744,0.2907,-0.0196
1652693267_mult0.0_dec5e-05_r0.3,1652694362.508,0.2913,-0.0051
1652693267_mult0.0_dec5e-05_r0.3,1652694416.108,0.2788,-0.0844
1652693267_mult0.0_dec5e-05_r0.3,1652694468.475,0.2881,-0.0433
1652693267_mult0.0_dec5e-05_r0.3,1652694518.827,0.2741,-0.0987
1652693267_mult0.0_dec5e-05_r0.3,1652694569.89,0.2866,-0.052
1652693267_mult0.0_dec5e-05_r0.3,1652694620.629,0.2875,-0.0472
1652693267_mult0.0_dec5e-05_r0.3,1652694671.011,0.2735,-0.1002
1652693267_mult0.0_dec5e-05_r0.3,1652694721.6,0.2836,-0.0666
1652693267_mult0.0_dec5e-05_r0.3,1652694772.073,0.2866,-0.0523
1652693267_mult0.0_dec5e-05_r0.3,1652694821.962,0.2729,-0.102
1652693267_mult0.0_dec5e-05_r0.3,1652694872.37,0.2897,-0.0304
1652693267_mult0.0_dec5e-05_r0.3,1652694923.074,0.2767,-0.0911
1652693267_mult0.0_dec5e-05_r0.3,1652694973.996,0.2908,0.0173
