1652693206_mult0.0_dec5e-05_r0.01,1652693460.725,-0.0071,-0.007
1652693206_mult0.0_dec5e-05_r0.01,1652693521.521,0.0063,-0.0078
1652693206_mult0.0_dec5e-05_r0.01,1652693582.614,0.0082,-0.0057
1652693206_mult0.0_dec5e-05_r0.01,1652693645.371,0.0091,-0.0041
1652693206_mult0.0_dec5e-05_r0.01,1652693708.555,0.0098,-0.0018
1652693206_mult0.0_dec5e-05_r0.01,1652693773.194,0.0091,-0.0042
1652693206_mult0.0_dec5e-05_r0.01,1652693838.166,0.0033,-0.0094
1652693206_mult0.0_dec5e-05_r0.01,1652693901.079,0.01,-0.0008
1652693206_mult0.0_dec5e-05_r0.01,1652693964.744,0.0085,-0.0052
1652693206_mult0.0_dec5e-05_r0.01,1652694028.692,-0.0017,-0.0099
1652693206_mult0.0_dec5e-05_r0.01,1652694092.314,0.0095,-0.0032
1652693206_mult0.0_dec5e-05_r0.01,1652694155.645,0.01,0.0005
1652693206_mult0.0_dec5e-05_r0.01,1652694218.42,0.0043,-0.009
1652693206_mult0.0_dec5e-05_r0.01,1652694282.66,0.0079,-0.0061
1652693206_mult0.0_dec5e-05_r0.01,1652694347.859,0.0082,-0.0057
1652693206_mult0.0_dec5e-05_r0.01,1652694419.624,0.0086,-0.0052
1652693206_mult0.0_dec5e-05_r0.01,1652694484.167,0.0096,-0.0027
1652693206_mult0.0_dec5e-05_r0.01,1652694547.395,0.0095,-0.0031
1652693206_mult0.0_dec5e-05_r0.01,1652694612.197,0.0095,-0.0032
1652693206_mult0.0_dec5e-05_r0.01,1652694676.324,0.0073,-0.0069
1652693206_mult0.0_dec5e-05_r0.01,1652694740.173,0.0097,-0.0026
1652693206_mult0.0_dec5e-05_r0.01,1652694804.834,0.01,0.0007
1652693206_mult0.0_dec5e-05_r0.01,1652694869.212,0.0099,-0.0016
1652693206_mult0.0_dec5e-05_r0.01,1652694934.547,0.0097,-0.0025
1652693206_mult0.0_dec5e-05_r0.01,1652694996.827,0.0099,-0.0011
1652693206_mult0.0_dec5e-05_r0.01,1652695060.232,0.0099,-0.0017
1652693206_mult0.0_dec5e-05_r0.01,1652695119.676,0.0018,-0.0098
1652693206_mult0.0_dec5e-05_r0.01,1652695181.424,0.0096,-0.0029
1652693206_mult0.0_dec5e-05_r0.01,1652695242.936,0.0098,-0.0021
1652693206_mult0.0_dec5e-05_r0.01,1652695303.483,0.0099,-0.0013
