1652692870_mult0.0_dec5e-05_r0.3,1652692915.882,0.2704,-0.1084
1652692870_mult0.0_dec5e-05_r0.3,1652692923.341,-0.2091,0.2028
1652692870_mult0.0_dec5e-05_r0.3,1652692932.069,0.0051,0.2913
1652692870_mult0.0_dec5e-05_r0.3,1652692940.571,-0.2298,0.1791
1652692870_mult0.0_dec5e-05_r0.3,1652692949.176,-0.1715,0.2355
1652692870_mult0.0_dec5e-05_r0.3,1652692957.851,-0.0709,0.2825
1652692870_mult0.0_dec5e-05_r0.3,1652692966.488,-0.2912,-0.0083
1652692870_mult0.0_dec5e-05_r0.3,1652692975.034,-0.2863,0.0539
1652692870_mult0.0_dec5e-05_r0.3,1652692983.784,-0.1702,0.2364
1652692870_mult0.0_dec5e-05_r0.3,1652692992.33,0.2222,-0.1884
1652692870_mult0.0_dec5e-05_r0.3,1652693000.892,0.1604,0.1435
1652692870_mult0.0_dec5e-05_r0.3,1652693010.195,-0.1739,-0.0537
1652692870_mult0.0_dec5e-05_r0.3,1652693018.946,-0.2905,0.0223
1652692870_mult0.0_dec5e-05_r0.3,1652693027.478,0.0015,-0.2913
1652692870_mult0.0_dec5e-05_r0.3,1652693036.073,-0.1984,-0.2133
1652692870_mult0.0_dec5e-05_r0.3,1652693044.747,-0.135,-0.2582
1652692870_mult0.0_dec5e-05_r0.3,1652693053.347,-0.0025,-0.2913
1652692870_mult0.0_dec5e-05_r0.3,1652693061.876,-0.2232,-0.1871
1652692870_mult0.0_dec5e-05_r0.3,1652693070.45,-0.2452,-0.1573
1652692870_mult0.0_dec5e-05_r0.3,1652693079.157,-0.0809,-0.1895
1652692870_mult0.0_dec5e-05_r0.3,1652693087.743,-0.2494,-0.1505
1652692870_mult0.0_dec5e-05_r0.3,1652693096.289,-0.2736,-0.1
1652692870_mult0.0_dec5e-05_r0.3,1652693104.942,-0.2525,-0.1453
1652692870_mult0.0_dec5e-05_r0.3,1652693113.473,-0.2816,-0.0745
1652692870_mult0.0_dec5e-05_r0.3,1652693122.061,-0.0222,0.2905
1652692870_mult0.0_dec5e-05_r0.3,1652693130.635,-0.2561,-0.1389
1652692870_mult0.0_dec5e-05_r0.3,1652693139.387,-0.2536,-0.1434
1652692870_mult0.0_dec5e-05_r0.3,1652693147.955,-0.2321,-0.176
1652692870_mult0.0_dec5e-05_r0.3,1652693156.523,-0.2593,-0.1329
1652692870_mult0.0_dec5e-05_r0.3,1652693165.281,0.1232,0.264
