1652684146_mult0.0_dec5e-05_r0.01,1652684165.507,-0.0066,-0.0075
1652684146_mult0.0_dec5e-05_r0.01,1652684166.301,-0.0048,0.0088
1652684146_mult0.0_dec5e-05_r0.01,1652684167.444,0.0001,0.01
1652684146_mult0.0_dec5e-05_r0.01,1652684168.574,-0.0041,0.0091
1652684146_mult0.0_dec5e-05_r0.01,1652684169.696,0.0004,0.01
1652684146_mult0.0_dec5e-05_r0.01,1652684171.009,-0.0059,0.0081
1652684146_mult0.0_dec5e-05_r0.01,1652684172.146,0.0012,0.0099
1652684146_mult0.0_dec5e-05_r0.01,1652684173.289,-0.0073,0.0068
1652684146_mult0.0_dec5e-05_r0.01,1652684174.417,-0.008,0.006
1652684146_mult0.0_dec5e-05_r0.01,1652684175.545,-0.0058,0.0082
1652684146_mult0.0_dec5e-05_r0.01,1652684176.677,-0.0082,0.0057
1652684146_mult0.0_dec5e-05_r0.01,1652684177.816,-0.0077,0.0063
1652684146_mult0.0_dec5e-05_r0.01,1652684178.992,-0.0079,0.0062
1652684146_mult0.0_dec5e-05_r0.01,1652684180.163,-0.0085,0.0052
1652684146_mult0.0_dec5e-05_r0.01,1652684181.298,-0.0081,0.0059
1652684146_mult0.0_dec5e-05_r0.01,1652684182.468,-0.0085,0.0053
1652684146_mult0.0_dec5e-05_r0.01,1652684183.613,-0.0079,0.0062
1652684146_mult0.0_dec5e-05_r0.01,1652684184.825,-0.0076,0.0064
1652684146_mult0.0_dec5e-05_r0.01,1652684185.984,0.0099,0.001
1652684146_mult0.0_dec5e-05_r0.01,1652684187.168,-0.0073,0.0068
1652684146_mult0.0_dec5e-05_r0.01,1652684188.432,-0.0084,0.0055
1652684146_mult0.0_dec5e-05_r0.01,1652684189.622,-0.0078,0.0063
1652684146_mult0.0_dec5e-05_r0.01,1652684190.816,-0.0083,0.0056
1652684146_mult0.0_dec5e-05_r0.01,1652684192.019,-0.0084,0.0054
1652684146_mult0.0_dec5e-05_r0.01,1652684193.217,-0.0079,0.0061
1652684146_mult0.0_dec5e-05_r0.01,1652684194.418,-0.0081,0.0059
1652684146_mult0.0_dec5e-05_r0.01,1652684197.328,-0.0084,0.0055
1652684146_mult0.0_dec5e-05_r0.01,1652684198.526,-0.0081,0.0059
1652684146_mult0.0_dec5e-05_r0.01,1652684199.715,-0.0081,0.0059
1652684146_mult0.0_dec5e-05_r0.01,1652684201.117,-0.0083,0.0056
