1652689293_mult0.0_dec5e-05_r10.0,1652689312.389,-0.113,-0.1273
1652689293_mult0.0_dec5e-05_r10.0,1652689313.202,-0.3828,0.6291
1652689293_mult0.0_dec5e-05_r10.0,1652689314.399,-0.6543,0.5048
1652689293_mult0.0_dec5e-05_r10.0,1652689315.58,-0.6676,0.5444
1652689293_mult0.0_dec5e-05_r10.0,1652689316.768,-0.3211,0.3617
1652689293_mult0.0_dec5e-05_r10.0,1652689317.953,-0.7538,0.5473
1652689293_mult0.0_dec5e-05_r10.0,1652689319.234,-0.7772,0.5631
1652689293_mult0.0_dec5e-05_r10.0,1652689320.463,-0.8067,0.5668
1652689293_mult0.0_dec5e-05_r10.0,1652689321.68,-0.7905,0.5778
1652689293_mult0.0_dec5e-05_r10.0,1652689322.9,-0.751,0.5915
1652689293_mult0.0_dec5e-05_r10.0,1652689324.632,-0.7769,0.6142
1652689293_mult0.0_dec5e-05_r10.0,1652689325.83,-0.7922,0.5903
1652689293_mult0.0_dec5e-05_r10.0,1652689327.038,-0.8017,0.5548
1652689293_mult0.0_dec5e-05_r10.0,1652689328.363,-0.7596,0.5683
1652689293_mult0.0_dec5e-05_r10.0,1652689329.687,-0.8245,0.5484
1652689293_mult0.0_dec5e-05_r10.0,1652689330.904,-0.8069,0.5804
1652689293_mult0.0_dec5e-05_r10.0,1652689332.122,-0.6996,0.6028
1652689293_mult0.0_dec5e-05_r10.0,1652689333.369,-0.8245,0.5491
1652689293_mult0.0_dec5e-05_r10.0,1652689334.622,-0.8168,0.5661
1652689293_mult0.0_dec5e-05_r10.0,1652689335.829,-0.7878,0.6006
1652689293_mult0.0_dec5e-05_r10.0,1652689337.095,-0.7846,0.5903
1652689293_mult0.0_dec5e-05_r10.0,1652689338.318,-0.8133,0.5754
1652689293_mult0.0_dec5e-05_r10.0,1652689339.537,-0.7985,0.5701
1652689293_mult0.0_dec5e-05_r10.0,1652689340.735,-0.8004,0.5722
1652689293_mult0.0_dec5e-05_r10.0,1652689341.955,-0.8113,0.5757
1652689293_mult0.0_dec5e-05_r10.0,1652689343.165,-0.8054,0.5754
1652689293_mult0.0_dec5e-05_r10.0,1652689344.419,-0.8041,0.5846
1652689293_mult0.0_dec5e-05_r10.0,1652689345.651,-0.8038,0.5869
1652689293_mult0.0_dec5e-05_r10.0,1652689346.994,-0.8088,0.5778
1652689293_mult0.0_dec5e-05_r10.0,1652689348.248,-0.8074,0.5851
