1652693452_mult0.0_dec5e-05_r0.7,1652693696.77,-0.2032,-0.2011
1652693452_mult0.0_dec5e-05_r0.7,1652693750.91,-0.1372,-0.191
1652693452_mult0.0_dec5e-05_r0.7,1652693808.951,0.5889,-0.1357
1652693452_mult0.0_dec5e-05_r0.7,1652693867.14,0.6043,0.0103
1652693452_mult0.0_dec5e-05_r0.7,1652693924.015,0.6042,-0.0159
1652693452_mult0.0_dec5e-05_r0.7,1652693983.36,0.6001,-0.0714
1652693452_mult0.0_dec5e-05_r0.7,1652694041.831,0.5971,-0.0937
1652693452_mult0.0_dec5e-05_r0.7,1652694100.77,0.6043,-0.0088
1652693452_mult0.0_dec5e-05_r0.7,1652694158.966,0.6042,0.0122
1652693452_mult0.0_dec5e-05_r0.7,1652694215.596,0.6022,-0.0506
1652693452_mult0.0_dec5e-05_r0.7,1652694274.964,0.6033,-0.0357
1652693452_mult0.0_dec5e-05_r0.7,1652694331.707,0.6044,-0.002
1652693452_mult0.0_dec5e-05_r0.7,1652694390.196,0.6027,-0.0443
1652693452_mult0.0_dec5e-05_r0.7,1652694448.679,0.6023,-0.05
1652693452_mult0.0_dec5e-05_r0.7,1652694505.726,0.6043,-0.0049
1652693452_mult0.0_dec5e-05_r0.7,1652694564.375,0.6022,-0.051
1652693452_mult0.0_dec5e-05_r0.7,1652694622.949,0.6037,-0.0276
1652693452_mult0.0_dec5e-05_r0.7,1652694681.404,0.5968,-0.0955
1652693452_mult0.0_dec5e-05_r0.7,1652694739.206,0.2353,0.0106
1652693452_mult0.0_dec5e-05_r0.7,1652694799.087,0.5333,0.0126
1652693452_mult0.0_dec5e-05_r0.7,1652694857.244,0.602,-0.0535
1652693452_mult0.0_dec5e-05_r0.7,1652694914.957,0.603,-0.0404
1652693452_mult0.0_dec5e-05_r0.7,1652694975.286,0.6019,-0.0547
1652693452_mult0.0_dec5e-05_r0.7,1652695033.709,0.6021,-0.0519
1652693452_mult0.0_dec5e-05_r0.7,1652695091.238,0.6025,-0.0471
1652693452_mult0.0_dec5e-05_r0.7,1652695148.723,0.6037,-0.0281
1652693452_mult0.0_dec5e-05_r0.7,1652695206.625,0.6042,-0.0152
1652693452_mult0.0_dec5e-05_r0.7,1652695264.925,0.6031,-0.0389
1652693452_mult0.0_dec5e-05_r0.7,1652695322.219,0.5951,0.1054
1652693452_mult0.0_dec5e-05_r0.7,1652695379.935,0.604,-0.0218
