1652692529_mult0.0_dec5e-05_r0.01,1652692570.603,0.0093,-0.0037
1652692529_mult0.0_dec5e-05_r0.01,1652692576.874,-0.0063,0.0078
1652692529_mult0.0_dec5e-05_r0.01,1652692584.51,-0.009,0.0044
1652692529_mult0.0_dec5e-05_r0.01,1652692591.849,-0.0048,0.0088
1652692529_mult0.0_dec5e-05_r0.01,1652692599.377,-0.0017,0.0098
1652692529_mult0.0_dec5e-05_r0.01,1652692606.831,0.0086,0.0051
1652692529_mult0.0_dec5e-05_r0.01,1652692614.463,0.0058,-0.0081
1652692529_mult0.0_dec5e-05_r0.01,1652692621.793,-0.0046,0.0089
1652692529_mult0.0_dec5e-05_r0.01,1652692629.165,-0.0033,0.0094
1652692529_mult0.0_dec5e-05_r0.01,1652692636.544,0.0022,-0.0098
1652692529_mult0.0_dec5e-05_r0.01,1652692643.89,0.0038,-0.0092
1652692529_mult0.0_dec5e-05_r0.01,1652692651.203,-0.0079,-0.0062
1652692529_mult0.0_dec5e-05_r0.01,1652692658.539,0.0086,0.0052
1652692529_mult0.0_dec5e-05_r0.01,1652692665.888,0.0038,-0.0092
1652692529_mult0.0_dec5e-05_r0.01,1652692673.437,0.0046,-0.0089
1652692529_mult0.0_dec5e-05_r0.01,1652692680.762,0.0062,-0.0078
1652692529_mult0.0_dec5e-05_r0.01,1652692688.133,0.0055,-0.0083
1652692529_mult0.0_dec5e-05_r0.01,1652692695.511,0.0005,0.01
1652692529_mult0.0_dec5e-05_r0.01,1652692702.907,0.0017,-0.0098
1652692529_mult0.0_dec5e-05_r0.01,1652692710.259,-0.004,0.0092
1652692529_mult0.0_dec5e-05_r0.01,1652692717.616,0.0033,-0.0094
1652692529_mult0.0_dec5e-05_r0.01,1652692724.981,0.0004,-0.01
1652692529_mult0.0_dec5e-05_r0.01,1652692732.36,0.0025,-0.0097
1652692529_mult0.0_dec5e-05_r0.01,1652692739.884,-0.0085,0.0053
1652692529_mult0.0_dec5e-05_r0.01,1652692747.237,0.0038,-0.0093
1652692529_mult0.0_dec5e-05_r0.01,1652692754.566,0.0036,-0.0093
1652692529_mult0.0_dec5e-05_r0.01,1652692762.413,0.0033,-0.0094
1652692529_mult0.0_dec5e-05_r0.01,1652692769.956,0.0019,-0.0098
1652692529_mult0.0_dec5e-05_r0.01,1652692777.295,0.0035,-0.0094
1652692529_mult0.0_dec5e-05_r0.01,1652692784.653,0.0033,-0.0094
