1652684221_mult0.0_dec5e-05_r0.5,1652684238.626,-0.113,-0.1273
1652684221_mult0.0_dec5e-05_r0.5,1652684239.475,-0.3141,0.3389
1652684221_mult0.0_dec5e-05_r0.5,1652684240.729,-0.2246,0.4039
1652684221_mult0.0_dec5e-05_r0.5,1652684241.983,-0.3812,0.2612
1652684221_mult0.0_dec5e-05_r0.5,1652684243.354,0.2984,0.3039
1652684221_mult0.0_dec5e-05_r0.5,1652684244.581,-0.4042,0.2241
1652684221_mult0.0_dec5e-05_r0.5,1652684245.798,-0.3902,0.2476
1652684221_mult0.0_dec5e-05_r0.5,1652684247.079,-0.3973,0.236
1652684221_mult0.0_dec5e-05_r0.5,1652684248.287,-0.3758,0.269
1652684221_mult0.0_dec5e-05_r0.5,1652684249.516,-0.3721,0.2741
1652684221_mult0.0_dec5e-05_r0.5,1652684250.786,-0.3802,0.2627
1652684221_mult0.0_dec5e-05_r0.5,1652684252.028,-0.3807,0.262
1652684221_mult0.0_dec5e-05_r0.5,1652684253.257,-0.3744,0.271
1652684221_mult0.0_dec5e-05_r0.5,1652684254.467,-0.3822,0.2598
1652684221_mult0.0_dec5e-05_r0.5,1652684255.714,-0.3874,0.252
1652684221_mult0.0_dec5e-05_r0.5,1652684256.973,-0.3936,0.2421
1652684221_mult0.0_dec5e-05_r0.5,1652684258.361,-0.3805,0.2623
1652684221_mult0.0_dec5e-05_r0.5,1652684259.671,-0.3747,0.2705
1652684221_mult0.0_dec5e-05_r0.5,1652684261.591,-0.3746,0.2706
1652684221_mult0.0_dec5e-05_r0.5,1652684263.333,-0.3802,0.2627
1652684221_mult0.0_dec5e-05_r0.5,1652684264.627,-0.3806,0.2622
1652684221_mult0.0_dec5e-05_r0.5,1652684265.914,-0.3794,0.2638
1652684221_mult0.0_dec5e-05_r0.5,1652684267.176,-0.393,0.2431
1652684221_mult0.0_dec5e-05_r0.5,1652684268.434,-0.3955,0.239
1652684221_mult0.0_dec5e-05_r0.5,1652684269.708,-0.3778,0.2662
1652684221_mult0.0_dec5e-05_r0.5,1652684270.975,-0.3808,0.2617
1652684221_mult0.0_dec5e-05_r0.5,1652684272.296,-0.3693,0.2777
1652684221_mult0.0_dec5e-05_r0.5,1652684273.611,-0.3678,0.2798
1652684221_mult0.0_dec5e-05_r0.5,1652684274.88,-0.3858,0.2544
1652684221_mult0.0_dec5e-05_r0.5,1652684276.172,-0.3762,0.2684
