1652684297_mult0.0_dec5e-05_r1.0,1652684314.421,-0.113,-0.1273
1652684297_mult0.0_dec5e-05_r1.0,1652684315.242,-0.3333,0.6848
1652684297_mult0.0_dec5e-05_r1.0,1652684316.459,-0.568,0.5074
1652684297_mult0.0_dec5e-05_r1.0,1652684317.653,-0.5888,0.4831
1652684297_mult0.0_dec5e-05_r1.0,1652684318.868,-0.0275,0.4592
1652684297_mult0.0_dec5e-05_r1.0,1652684320.07,-0.5968,0.4732
1652684297_mult0.0_dec5e-05_r1.0,1652684321.293,-0.6093,0.4569
1652684297_mult0.0_dec5e-05_r1.0,1652684322.61,-0.6281,0.4307
1652684297_mult0.0_dec5e-05_r1.0,1652684323.855,-0.6178,0.4454
1652684297_mult0.0_dec5e-05_r1.0,1652684325.077,-0.62,0.4423
1652684297_mult0.0_dec5e-05_r1.0,1652684326.282,-0.6345,0.4213
1652684297_mult0.0_dec5e-05_r1.0,1652684327.508,-0.6281,0.4307
1652684297_mult0.0_dec5e-05_r1.0,1652684328.728,-0.6367,0.4179
1652684297_mult0.0_dec5e-05_r1.0,1652684329.938,-0.647,0.4018
1652684297_mult0.0_dec5e-05_r1.0,1652684331.166,-0.63,0.4279
1652684297_mult0.0_dec5e-05_r1.0,1652684332.369,-0.6248,0.4355
1652684297_mult0.0_dec5e-05_r1.0,1652684333.633,-0.6302,0.4276
1652684297_mult0.0_dec5e-05_r1.0,1652684334.914,-0.6138,0.4509
1652684297_mult0.0_dec5e-05_r1.0,1652684336.137,-0.6217,0.4399
1652684297_mult0.0_dec5e-05_r1.0,1652684337.382,-0.6137,0.451
1652684297_mult0.0_dec5e-05_r1.0,1652684338.667,-0.6134,0.4514
1652684297_mult0.0_dec5e-05_r1.0,1652684339.923,-0.6107,0.4551
1652684297_mult0.0_dec5e-05_r1.0,1652684341.172,-0.6017,0.4669
1652684297_mult0.0_dec5e-05_r1.0,1652684343.15,-0.6241,0.4365
1652684297_mult0.0_dec5e-05_r1.0,1652684344.387,-0.6146,0.4498
1652684297_mult0.0_dec5e-05_r1.0,1652684345.638,-0.611,0.4546
1652684297_mult0.0_dec5e-05_r1.0,1652684346.868,-0.6153,0.4489
1652684297_mult0.0_dec5e-05_r1.0,1652684348.581,-0.6089,0.4574
1652684297_mult0.0_dec5e-05_r1.0,1652684349.829,-0.6235,0.4373
1652684297_mult0.0_dec5e-05_r1.0,1652684351.087,-0.6194,0.4432
