1652684263_mult0.0_dec5e-05_r0.7,1652684275.079,-0.113,-0.1273
1652684263_mult0.0_dec5e-05_r0.7,1652684275.944,-0.3118,0.5177
1652684263_mult0.0_dec5e-05_r0.7,1652684277.238,-0.3841,0.4666
1652684263_mult0.0_dec5e-05_r0.7,1652684278.514,-0.5282,0.2937
1652684263_mult0.0_dec5e-05_r0.7,1652684279.756,-0.263,0.5399
1652684263_mult0.0_dec5e-05_r0.7,1652684281.013,-0.5043,0.3331
1652684263_mult0.0_dec5e-05_r0.7,1652684282.253,-0.4811,0.3658
1652684263_mult0.0_dec5e-05_r0.7,1652684283.523,-0.501,0.338
1652684263_mult0.0_dec5e-05_r0.7,1652684284.775,-0.4716,0.3779
1652684263_mult0.0_dec5e-05_r0.7,1652684286.066,-0.4807,0.3663
1652684263_mult0.0_dec5e-05_r0.7,1652684287.333,-0.5047,0.3324
1652684263_mult0.0_dec5e-05_r0.7,1652684288.713,-0.4905,0.353
1652684263_mult0.0_dec5e-05_r0.7,1652684290.36,-0.4931,0.3495
1652684263_mult0.0_dec5e-05_r0.7,1652684291.629,-0.4996,0.3401
1652684263_mult0.0_dec5e-05_r0.7,1652684292.91,-0.5074,0.3284
1652684263_mult0.0_dec5e-05_r0.7,1652684294.226,-0.5014,0.3375
1652684263_mult0.0_dec5e-05_r0.7,1652684295.517,-0.4995,0.3402
1652684263_mult0.0_dec5e-05_r0.7,1652684296.841,-0.4939,0.3484
1652684263_mult0.0_dec5e-05_r0.7,1652684298.129,-0.489,0.3552
1652684263_mult0.0_dec5e-05_r0.7,1652684299.413,-0.5027,0.3355
1652684263_mult0.0_dec5e-05_r0.7,1652684300.735,-0.4871,0.3577
1652684263_mult0.0_dec5e-05_r0.7,1652684302.027,-0.4874,0.3573
1652684263_mult0.0_dec5e-05_r0.7,1652684303.333,-0.4987,0.3413
1652684263_mult0.0_dec5e-05_r0.7,1652684304.742,-0.5025,0.3357
1652684263_mult0.0_dec5e-05_r0.7,1652684306.038,-0.4877,0.357
1652684263_mult0.0_dec5e-05_r0.7,1652684307.327,-0.5026,0.3357
1652684263_mult0.0_dec5e-05_r0.7,1652684308.632,-0.4896,0.3544
1652684263_mult0.0_dec5e-05_r0.7,1652684309.948,-0.4779,0.37
1652684263_mult0.0_dec5e-05_r0.7,1652684311.288,-0.494,0.3481
1652684263_mult0.0_dec5e-05_r0.7,1652684312.656,-0.4928,0.3499
