1652692959_mult0.0_dec5e-05_r0.5,1652692997.022,0.3475,-0.1393
1652692959_mult0.0_dec5e-05_r0.5,1652693003.472,-0.2962,0.3074
1652692959_mult0.0_dec5e-05_r0.5,1652693010.602,-0.1604,0.4334
1652692959_mult0.0_dec5e-05_r0.5,1652693017.898,-0.374,0.2715
1652692959_mult0.0_dec5e-05_r0.5,1652693025.082,-0.4206,0.1328
1652692959_mult0.0_dec5e-05_r0.5,1652693032.351,0.1807,-0.4253
1652692959_mult0.0_dec5e-05_r0.5,1652693039.778,-0.2822,-0.1632
1652692959_mult0.0_dec5e-05_r0.5,1652693047.254,-0.1526,-0.0485
1652692959_mult0.0_dec5e-05_r0.5,1652693054.55,0.3233,0.3302
1652692959_mult0.0_dec5e-05_r0.5,1652693061.83,-0.4266,-0.1777
1652692959_mult0.0_dec5e-05_r0.5,1652693069.088,0.1901,-0.2732
1652692959_mult0.0_dec5e-05_r0.5,1652693076.614,-0.4327,-0.1622
1652692959_mult0.0_dec5e-05_r0.5,1652693083.886,-0.0354,-0.1509
1652692959_mult0.0_dec5e-05_r0.5,1652693091.169,-0.4522,-0.0953
1652692959_mult0.0_dec5e-05_r0.5,1652693098.449,-0.2355,0.3976
1652692959_mult0.0_dec5e-05_r0.5,1652693105.746,0.3648,-0.2837
1652692959_mult0.0_dec5e-05_r0.5,1652693113.054,-0.3911,0.2461
1652692959_mult0.0_dec5e-05_r0.5,1652693120.314,-0.4565,-0.0716
1652692959_mult0.0_dec5e-05_r0.5,1652693127.594,-0.1588,0.0362
1652692959_mult0.0_dec5e-05_r0.5,1652693134.982,-0.0502,-0.1797
1652692959_mult0.0_dec5e-05_r0.5,1652693142.277,-0.462,-0.0106
1652692959_mult0.0_dec5e-05_r0.5,1652693149.518,-0.4561,-0.0744
1652692959_mult0.0_dec5e-05_r0.5,1652693156.838,-0.3924,-0.0137
1652692959_mult0.0_dec5e-05_r0.5,1652693164.065,-0.4265,0.1779
1652692959_mult0.0_dec5e-05_r0.5,1652693171.566,-0.416,-0.2012
1652692959_mult0.0_dec5e-05_r0.5,1652693178.879,-0.4618,0.0182
1652692959_mult0.0_dec5e-05_r0.5,1652693186.206,-0.4597,0.0476
1652692959_mult0.0_dec5e-05_r0.5,1652693193.518,-0.4621,0.0012
1652692959_mult0.0_dec5e-05_r0.5,1652693201.078,-0.4408,0.1387
1652692959_mult0.0_dec5e-05_r0.5,1652693208.522,-0.4474,0.1156
