1652766700_mult0.0_dec5e-05_r1.0,1652766711.807,-0.113,-0.1273
1652766700_mult0.0_dec5e-05_r1.0,1652766712.625,-0.4876,-0.517
1652766700_mult0.0_dec5e-05_r1.0,1652766713.793,0.1702,-0.7423
1652766700_mult0.0_dec5e-05_r1.0,1652766714.972,-0.162,-0.4627
1652766700_mult0.0_dec5e-05_r1.0,1652766716.142,-0.4855,-0.4664
1652766700_mult0.0_dec5e-05_r1.0,1652766717.323,-0.1314,-0.6188
1652766700_mult0.0_dec5e-05_r1.0,1652766718.629,-0.5334,-0.461
1652766700_mult0.0_dec5e-05_r1.0,1652766719.799,-0.7158,0.0282
1652766700_mult0.0_dec5e-05_r1.0,1652766720.997,-0.7613,-0.0219
1652766700_mult0.0_dec5e-05_r1.0,1652766722.195,-0.7545,-0.1034
1652766700_mult0.0_dec5e-05_r1.0,1652766723.474,-0.7595,-0.0564
1652766700_mult0.0_dec5e-05_r1.0,1652766724.658,-0.7614,-0.0172
1652766700_mult0.0_dec5e-05_r1.0,1652766725.997,0.1046,-0.7544
1652766700_mult0.0_dec5e-05_r1.0,1652766727.176,-0.6832,-0.3366
1652766700_mult0.0_dec5e-05_r1.0,1652766728.356,-0.761,0.0302
1652766700_mult0.0_dec5e-05_r1.0,1652766729.517,-0.761,-0.0313
1652766700_mult0.0_dec5e-05_r1.0,1652766730.71,-0.7501,-0.1316
1652766700_mult0.0_dec5e-05_r1.0,1652766731.95,-0.7603,-0.0441
1652766700_mult0.0_dec5e-05_r1.0,1652766733.15,-0.7609,0.0328
1652766700_mult0.0_dec5e-05_r1.0,1652766734.351,-0.5824,-0.0412
1652766700_mult0.0_dec5e-05_r1.0,1652766735.603,-0.7611,0.0267
1652766700_mult0.0_dec5e-05_r1.0,1652766736.83,-0.7614,0.0183
1652766700_mult0.0_dec5e-05_r1.0,1652766738.045,-0.7615,0.0139
1652766700_mult0.0_dec5e-05_r1.0,1652766739.33,-0.7616,0.0049
1652766700_mult0.0_dec5e-05_r1.0,1652766740.537,-0.7615,0.0101
1652766700_mult0.0_dec5e-05_r1.0,1652766741.746,-0.7614,0.0151
1652766700_mult0.0_dec5e-05_r1.0,1652766742.965,-0.7614,-0.0178
1652766700_mult0.0_dec5e-05_r1.0,1652766744.163,-0.7615,-0.0137
1652766700_mult0.0_dec5e-05_r1.0,1652766745.378,-0.7612,0.0257
1652766700_mult0.0_dec5e-05_r1.0,1652766746.579,-0.7611,0.0285
