1652766608_mult0.0_dec5e-05_r0.3,1652766620.608,-0.113,-0.1273
1652766608_mult0.0_dec5e-05_r0.3,1652766621.409,-0.2167,-0.1946
1652766608_mult0.0_dec5e-05_r0.3,1652766622.583,-0.1232,-0.264
1652766608_mult0.0_dec5e-05_r0.3,1652766623.758,-0.1764,-0.2318
1652766608_mult0.0_dec5e-05_r0.3,1652766624.925,-0.2125,-0.1993
1652766608_mult0.0_dec5e-05_r0.3,1652766626.097,-0.234,-0.1735
1652766608_mult0.0_dec5e-05_r0.3,1652766627.267,-0.2639,-0.1233
1652766608_mult0.0_dec5e-05_r0.3,1652766628.43,-0.203,-0.2089
1652766608_mult0.0_dec5e-05_r0.3,1652766629.627,-0.2677,-0.115
1652766608_mult0.0_dec5e-05_r0.3,1652766630.811,-0.2578,-0.1357
1652766608_mult0.0_dec5e-05_r0.3,1652766631.996,-0.2875,-0.0471
1652766608_mult0.0_dec5e-05_r0.3,1652766633.179,-0.2807,-0.0781
1652766608_mult0.0_dec5e-05_r0.3,1652766634.53,-0.1802,-0.2289
1652766608_mult0.0_dec5e-05_r0.3,1652766635.709,-0.2692,-0.1114
1652766608_mult0.0_dec5e-05_r0.3,1652766636.89,-0.2168,-0.1946
1652766608_mult0.0_dec5e-05_r0.3,1652766638.061,-0.291,-0.0143
1652766608_mult0.0_dec5e-05_r0.3,1652766639.276,-0.259,-0.1333
1652766608_mult0.0_dec5e-05_r0.3,1652766640.623,-0.2905,-0.0223
1652766608_mult0.0_dec5e-05_r0.3,1652766641.845,-0.286,-0.0556
1652766608_mult0.0_dec5e-05_r0.3,1652766643.065,-0.2775,-0.0885
1652766608_mult0.0_dec5e-05_r0.3,1652766644.335,-0.2907,-0.0192
1652766608_mult0.0_dec5e-05_r0.3,1652766645.605,-0.2853,-0.0589
1652766608_mult0.0_dec5e-05_r0.3,1652766646.806,-0.2852,-0.0596
1652766608_mult0.0_dec5e-05_r0.3,1652766648.023,-0.2912,0.0069
1652766608_mult0.0_dec5e-05_r0.3,1652766649.238,-0.2889,-0.0373
1652766608_mult0.0_dec5e-05_r0.3,1652766650.462,-0.2873,-0.048
1652766608_mult0.0_dec5e-05_r0.3,1652766651.677,-0.2799,-0.0807
1652766608_mult0.0_dec5e-05_r0.3,1652766652.873,-0.2299,-0.1789
1652766608_mult0.0_dec5e-05_r0.3,1652766654.091,-0.2895,-0.032
1652766608_mult0.0_dec5e-05_r0.3,1652766655.318,-0.2878,-0.045
