1652766792_mult0.0_dec5e-05_r10.0,1652766811.162,-0.113,-0.1273
1652766792_mult0.0_dec5e-05_r10.0,1652766812.183,-0.4688,-0.2582
1652766792_mult0.0_dec5e-05_r10.0,1652766813.649,0.1104,-0.6534
1652766792_mult0.0_dec5e-05_r10.0,1652766815.113,-0.3157,-0.4506
1652766792_mult0.0_dec5e-05_r10.0,1652766816.734,-0.3253,-0.6519
1652766792_mult0.0_dec5e-05_r10.0,1652766818.226,-0.0101,-0.7311
1652766792_mult0.0_dec5e-05_r10.0,1652766819.717,-0.0651,-0.7232
1652766792_mult0.0_dec5e-05_r10.0,1652766821.197,-0.4828,-0.4873
1652766792_mult0.0_dec5e-05_r10.0,1652766822.685,-0.5763,-0.4047
1652766792_mult0.0_dec5e-05_r10.0,1652766824.174,-0.2281,-0.6498
1652766792_mult0.0_dec5e-05_r10.0,1652766825.663,-0.4937,-0.5033
1652766792_mult0.0_dec5e-05_r10.0,1652766827.253,-0.4326,-0.5301
1652766792_mult0.0_dec5e-05_r10.0,1652766828.768,-0.0961,-0.7587
1652766792_mult0.0_dec5e-05_r10.0,1652766830.271,-0.5936,-0.4571
1652766792_mult0.0_dec5e-05_r10.0,1652766831.775,-0.5973,-0.4212
1652766792_mult0.0_dec5e-05_r10.0,1652766833.274,-0.5087,-0.5517
1652766792_mult0.0_dec5e-05_r10.0,1652766834.801,-0.5778,-0.5369
1652766792_mult0.0_dec5e-05_r10.0,1652766836.335,-0.4638,-0.5979
1652766792_mult0.0_dec5e-05_r10.0,1652766837.852,-0.7234,-0.389
1652766792_mult0.0_dec5e-05_r10.0,1652766839.358,-0.4086,-0.6128
1652766792_mult0.0_dec5e-05_r10.0,1652766840.921,-0.7478,-0.2768
1652766792_mult0.0_dec5e-05_r10.0,1652766842.422,-0.568,-0.512
1652766792_mult0.0_dec5e-05_r10.0,1652766843.947,-0.6776,-0.4071
1652766792_mult0.0_dec5e-05_r10.0,1652766845.446,-0.7858,-0.2675
1652766792_mult0.0_dec5e-05_r10.0,1652766847.039,-0.7895,-0.3089
1652766792_mult0.0_dec5e-05_r10.0,1652766848.542,-0.3287,-0.6892
1652766792_mult0.0_dec5e-05_r10.0,1652766850.085,-0.5302,-0.6081
1652766792_mult0.0_dec5e-05_r10.0,1652766851.612,-0.1151,-0.7362
1652766792_mult0.0_dec5e-05_r10.0,1652766853.125,-0.3257,-0.6732
1652766792_mult0.0_dec5e-05_r10.0,1652766854.638,-0.3267,-0.6525
