1652766883_mult0.0_dec5e-05_r0.5,1652766923.906,0.3475,-0.1393
1652766883_mult0.0_dec5e-05_r0.5,1652766931.263,0.1418,0.4398
1652766883_mult0.0_dec5e-05_r0.5,1652766940.128,-0.0413,0.4603
1652766883_mult0.0_dec5e-05_r0.5,1652766948.659,-0.1455,0.4386
1652766883_mult0.0_dec5e-05_r0.5,1652766957.339,0.2636,0.3796
1652766883_mult0.0_dec5e-05_r0.5,1652766966.063,0.4156,0.2021
1652766883_mult0.0_dec5e-05_r0.5,1652766974.929,0.3608,0.2887
1652766883_mult0.0_dec5e-05_r0.5,1652766983.531,0.2707,0.3745
1652766883_mult0.0_dec5e-05_r0.5,1652766992.143,0.4237,0.1845
1652766883_mult0.0_dec5e-05_r0.5,1652767000.974,0.4522,0.0953
1652766883_mult0.0_dec5e-05_r0.5,1652767009.638,0.4612,0.0292
1652766883_mult0.0_dec5e-05_r0.5,1652767018.272,0.4565,0.0717
1652766883_mult0.0_dec5e-05_r0.5,1652767026.936,0.4087,0.0314
1652766883_mult0.0_dec5e-05_r0.5,1652767035.727,0.4486,0.1111
1652766883_mult0.0_dec5e-05_r0.5,1652767044.382,0.4386,0.1455
1652766883_mult0.0_dec5e-05_r0.5,1652767052.973,0.4431,0.1314
1652766883_mult0.0_dec5e-05_r0.5,1652767061.852,0.382,0.2601
1652766883_mult0.0_dec5e-05_r0.5,1652767070.442,0.4619,-0.0128
1652766883_mult0.0_dec5e-05_r0.5,1652767079.151,0.461,0.0322
1652766883_mult0.0_dec5e-05_r0.5,1652767087.793,0.4507,0.1021
1652766883_mult0.0_dec5e-05_r0.5,1652767096.424,0.4619,-0.0126
1652766883_mult0.0_dec5e-05_r0.5,1652767105.054,0.458,-0.0615
1652766883_mult0.0_dec5e-05_r0.5,1652767113.741,0.4527,0.0927
1652766883_mult0.0_dec5e-05_r0.5,1652767122.504,0.4364,0.1521
1652766883_mult0.0_dec5e-05_r0.5,1652767131.159,0.4552,-0.0797
1652766883_mult0.0_dec5e-05_r0.5,1652767139.746,0.4591,-0.053
1652766883_mult0.0_dec5e-05_r0.5,1652767148.606,0.4613,0.0269
1652766883_mult0.0_dec5e-05_r0.5,1652767157.218,0.4459,0.1213
1652766883_mult0.0_dec5e-05_r0.5,1652767165.863,0.4621,-0.0005
1652766883_mult0.0_dec5e-05_r0.5,1652767174.471,0.4471,0.1169
