1652766791_mult0.0_dec5e-05_r0.01,1652766823.84,0.0093,-0.0037
1652766791_mult0.0_dec5e-05_r0.01,1652766829.902,0.001,0.01
1652766791_mult0.0_dec5e-05_r0.01,1652766836.873,0.0008,0.01
1652766791_mult0.0_dec5e-05_r0.01,1652766843.925,-0.0009,0.01
1652766791_mult0.0_dec5e-05_r0.01,1652766851.088,0.0042,0.0091
1652766791_mult0.0_dec5e-05_r0.01,1652766858.025,-0.0001,0.01
1652766791_mult0.0_dec5e-05_r0.01,1652766864.997,0.0059,0.0081
1652766791_mult0.0_dec5e-05_r0.01,1652766871.909,0.0071,0.007
1652766791_mult0.0_dec5e-05_r0.01,1652766879.076,0.0074,0.0068
1652766791_mult0.0_dec5e-05_r0.01,1652766886.224,0.0097,0.0024
1652766791_mult0.0_dec5e-05_r0.01,1652766893.215,0.0081,0.0059
1652766791_mult0.0_dec5e-05_r0.01,1652766900.435,0.0082,0.0057
1652766791_mult0.0_dec5e-05_r0.01,1652766907.464,0.0093,0.0036
1652766791_mult0.0_dec5e-05_r0.01,1652766914.386,0.0098,0.0019
1652766791_mult0.0_dec5e-05_r0.01,1652766921.363,0.0093,0.0037
1652766791_mult0.0_dec5e-05_r0.01,1652766928.267,0.0099,-0.0017
1652766791_mult0.0_dec5e-05_r0.01,1652766935.23,0.01,-0.0003
1652766791_mult0.0_dec5e-05_r0.01,1652766942.339,0.0098,0.0019
1652766791_mult0.0_dec5e-05_r0.01,1652766949.29,0.01,-0.0009
1652766791_mult0.0_dec5e-05_r0.01,1652766956.232,0.0099,-0.0015
1652766791_mult0.0_dec5e-05_r0.01,1652766963.183,0.0096,-0.0029
1652766791_mult0.0_dec5e-05_r0.01,1652766970.313,0.0099,-0.001
1652766791_mult0.0_dec5e-05_r0.01,1652766977.282,0.0096,0.0029
1652766791_mult0.0_dec5e-05_r0.01,1652766984.183,0.01,-0.001
1652766791_mult0.0_dec5e-05_r0.01,1652766991.219,0.0091,0.0042
1652766791_mult0.0_dec5e-05_r0.01,1652766998.303,0.0099,0.0014
1652766791_mult0.0_dec5e-05_r0.01,1652767005.287,0.0097,-0.0024
1652766791_mult0.0_dec5e-05_r0.01,1652767012.241,0.01,0.0006
1652766791_mult0.0_dec5e-05_r0.01,1652767019.234,0.01,-0.0008
1652766791_mult0.0_dec5e-05_r0.01,1652767026.194,0.01,-0.0005
