1652766704_mult0.0_dec5e-05_r0.7,1652766725.173,-0.113,-0.1273
1652766704_mult0.0_dec5e-05_r0.7,1652766726.19,-0.2796,-0.5358
1652766704_mult0.0_dec5e-05_r0.7,1652766727.767,-0.1638,-0.5817
1652766704_mult0.0_dec5e-05_r0.7,1652766729.263,-0.275,-0.5382
1652766704_mult0.0_dec5e-05_r0.7,1652766730.751,-0.3066,-0.5208
1652766704_mult0.0_dec5e-05_r0.7,1652766732.253,-0.3388,-0.5005
1652766704_mult0.0_dec5e-05_r0.7,1652766733.73,-0.5454,-0.2604
1652766704_mult0.0_dec5e-05_r0.7,1652766735.225,-0.5859,-0.1484
1652766704_mult0.0_dec5e-05_r0.7,1652766736.712,-0.6029,-0.0425
1652766704_mult0.0_dec5e-05_r0.7,1652766738.178,-0.6037,-0.0281
1652766704_mult0.0_dec5e-05_r0.7,1652766739.666,-0.5912,-0.1255
1652766704_mult0.0_dec5e-05_r0.7,1652766741.209,-0.5903,-0.1295
1652766704_mult0.0_dec5e-05_r0.7,1652766742.703,-0.0906,-0.5975
1652766704_mult0.0_dec5e-05_r0.7,1652766744.169,-0.6001,-0.0714
1652766704_mult0.0_dec5e-05_r0.7,1652766745.659,-0.5996,-0.0754
1652766704_mult0.0_dec5e-05_r0.7,1652766747.173,-0.6039,-0.0231
1652766704_mult0.0_dec5e-05_r0.7,1652766748.655,-0.5816,-0.1645
1652766704_mult0.0_dec5e-05_r0.7,1652766750.21,-0.6024,-0.0484
1652766704_mult0.0_dec5e-05_r0.7,1652766751.714,-0.6026,0.0462
1652766704_mult0.0_dec5e-05_r0.7,1652766753.231,-0.4993,-0.3406
1652766704_mult0.0_dec5e-05_r0.7,1652766754.782,-0.603,0.0402
1652766704_mult0.0_dec5e-05_r0.7,1652766756.344,-0.6039,-0.0235
1652766704_mult0.0_dec5e-05_r0.7,1652766758.05,-0.6042,0.0151
1652766704_mult0.0_dec5e-05_r0.7,1652766759.58,-0.6043,0.0048
1652766704_mult0.0_dec5e-05_r0.7,1652766761.116,-0.6037,0.0279
1652766704_mult0.0_dec5e-05_r0.7,1652766762.666,-0.6044,-0.0035
1652766704_mult0.0_dec5e-05_r0.7,1652766764.194,-0.6043,0.005
1652766704_mult0.0_dec5e-05_r0.7,1652766765.729,-0.6042,0.0132
1652766704_mult0.0_dec5e-05_r0.7,1652766767.264,-0.6042,0.0149
1652766704_mult0.0_dec5e-05_r0.7,1652766768.777,-0.6035,0.0327
