1652767095_mult0.0_dec5e-05_r5.0,1652767127.659,0.3475,-0.1393
1652767095_mult0.0_dec5e-05_r5.0,1652767133.567,0.0613,0.5001
1652767095_mult0.0_dec5e-05_r5.0,1652767140.474,-0.045,0.6124
1652767095_mult0.0_dec5e-05_r5.0,1652767147.327,0.5254,0.1522
1652767095_mult0.0_dec5e-05_r5.0,1652767154.453,0.6488,0.4157
1652767095_mult0.0_dec5e-05_r5.0,1652767161.457,0.8691,0.3547
1652767095_mult0.0_dec5e-05_r5.0,1652767168.361,0.8738,0.0432
1652767095_mult0.0_dec5e-05_r5.0,1652767175.241,0.8936,-0.0942
1652767095_mult0.0_dec5e-05_r5.0,1652767182.323,0.8738,0.2674
1652767095_mult0.0_dec5e-05_r5.0,1652767189.241,0.8718,0.2106
1652767095_mult0.0_dec5e-05_r5.0,1652767196.489,0.9273,0.2481
1652767095_mult0.0_dec5e-05_r5.0,1652767203.464,0.9285,0.313
1652767095_mult0.0_dec5e-05_r5.0,1652767210.408,0.8364,0.28
1652767095_mult0.0_dec5e-05_r5.0,1652767217.464,0.6608,0.143
1652767095_mult0.0_dec5e-05_r5.0,1652767224.399,0.9271,0.2575
1652767095_mult0.0_dec5e-05_r5.0,1652767231.257,0.8983,-0.0113
1652767095_mult0.0_dec5e-05_r5.0,1652767238.277,0.9097,0.2711
1652767095_mult0.0_dec5e-05_r5.0,1652767245.61,0.9298,0.2933
1652767095_mult0.0_dec5e-05_r5.0,1652767252.608,0.9205,0.319
1652767095_mult0.0_dec5e-05_r5.0,1652767259.473,0.9361,0.3136
1652767095_mult0.0_dec5e-05_r5.0,1652767266.364,0.8437,0.34
1652767095_mult0.0_dec5e-05_r5.0,1652767273.451,0.9085,0.2313
1652767095_mult0.0_dec5e-05_r5.0,1652767280.538,0.9363,0.2969
1652767095_mult0.0_dec5e-05_r5.0,1652767287.402,0.8981,0.1598
1652767095_mult0.0_dec5e-05_r5.0,1652767294.312,0.9429,0.3094
1652767095_mult0.0_dec5e-05_r5.0,1652767301.379,0.9275,0.2801
1652767095_mult0.0_dec5e-05_r5.0,1652767308.274,0.9119,0.2118
1652767095_mult0.0_dec5e-05_r5.0,1652767315.204,0.9227,0.2462
1652767095_mult0.0_dec5e-05_r5.0,1652767322.078,0.9444,0.31
1652767095_mult0.0_dec5e-05_r5.0,1652767329.109,0.8143,-0.2623
