1652767218_mult0.0_dec5e-05_r0.01,1652767481.878,-0.0071,-0.007
1652767218_mult0.0_dec5e-05_r0.01,1652767542.242,0.0086,-0.0051
1652767218_mult0.0_dec5e-05_r0.01,1652767607.396,0.0087,0.005
1652767218_mult0.0_dec5e-05_r0.01,1652767676.349,0.0098,0.002
1652767218_mult0.0_dec5e-05_r0.01,1652767745.458,0.0095,0.003
1652767218_mult0.0_dec5e-05_r0.01,1652767809.731,0.01,0.0005
1652767218_mult0.0_dec5e-05_r0.01,1652767873.847,-0.0049,0.0087
1652767218_mult0.0_dec5e-05_r0.01,1652767938.423,0.0074,0.0067
1652767218_mult0.0_dec5e-05_r0.01,1652768003.063,0.0094,0.0034
1652767218_mult0.0_dec5e-05_r0.01,1652768069.024,0.0095,0.0032
1652767218_mult0.0_dec5e-05_r0.01,1652768134.757,0.0097,0.0025
1652767218_mult0.0_dec5e-05_r0.01,1652768200.067,0.01,0.0008
1652767218_mult0.0_dec5e-05_r0.01,1652768266.703,0.0087,0.005
1652767218_mult0.0_dec5e-05_r0.01,1652768330.686,0.0084,0.0055
1652767218_mult0.0_dec5e-05_r0.01,1652768396.325,0.0092,0.004
1652767218_mult0.0_dec5e-05_r0.01,1652768464.898,0.01,0.0003
1652767218_mult0.0_dec5e-05_r0.01,1652768528.631,0.01,0.0003
1652767218_mult0.0_dec5e-05_r0.01,1652768594.511,0.0099,0.0011
1652767218_mult0.0_dec5e-05_r0.01,1652768659.29,0.0098,0.0018
1652767218_mult0.0_dec5e-05_r0.01,1652768723.858,0.0086,0.0051
1652767218_mult0.0_dec5e-05_r0.01,1652768791.19,0.01,0.0003
1652767218_mult0.0_dec5e-05_r0.01,1652768857.24,0.01,0.0001
1652767218_mult0.0_dec5e-05_r0.01,1652768922.913,0.01,0.0003
1652767218_mult0.0_dec5e-05_r0.01,1652768989.059,0.0088,-0.0047
1652767218_mult0.0_dec5e-05_r0.01,1652769054.686,0.01,0.0003
1652767218_mult0.0_dec5e-05_r0.01,1652769123.592,0.0098,0.0019
1652767218_mult0.0_dec5e-05_r0.01,1652769186.711,0.01,0.0008
1652767218_mult0.0_dec5e-05_r0.01,1652769251.435,0.0099,-0.0015
1652767218_mult0.0_dec5e-05_r0.01,1652769317.562,0.0099,0.0014
1652767218_mult0.0_dec5e-05_r0.01,1652769384.707,0.01,0.0008
