1652769989_mult0.0_dec5e-05_r5.0,1652770235.854,-0.2032,-0.2011
1652769989_mult0.0_dec5e-05_r5.0,1652770291.35,0.9067,0.1336
1652769989_mult0.0_dec5e-05_r5.0,1652770348.22,0.9627,0.0385
1652769989_mult0.0_dec5e-05_r5.0,1652770406.855,0.9695,0.1313
1652769989_mult0.0_dec5e-05_r5.0,1652770464.844,0.99,0.0448
1652769989_mult0.0_dec5e-05_r5.0,1652770521.17,0.9955,0.0289
1652769989_mult0.0_dec5e-05_r5.0,1652770575.069,0.9944,0.0345
1652769989_mult0.0_dec5e-05_r5.0,1652770631.096,0.9947,0.0369
1652769989_mult0.0_dec5e-05_r5.0,1652770688.844,0.9941,0.0367
1652769989_mult0.0_dec5e-05_r5.0,1652770745.969,0.997,0.0007
1652769989_mult0.0_dec5e-05_r5.0,1652770802.527,0.9938,0.0154
1652769989_mult0.0_dec5e-05_r5.0,1652770861.158,0.9966,0.0071
1652769989_mult0.0_dec5e-05_r5.0,1652770918.469,0.9434,0.2999
1652769989_mult0.0_dec5e-05_r5.0,1652770976.179,0.8902,0.005
1652769989_mult0.0_dec5e-05_r5.0,1652771032.79,0.8274,0.2351
1652769989_mult0.0_dec5e-05_r5.0,1652771089.436,0.994,0.0349
1652769989_mult0.0_dec5e-05_r5.0,1652771145.13,0.996,0.0387
1652769989_mult0.0_dec5e-05_r5.0,1652771202.161,0.995,0.0442
1652769989_mult0.0_dec5e-05_r5.0,1652771258.912,0.9952,0.0328
1652769989_mult0.0_dec5e-05_r5.0,1652771315.481,0.9958,0.0309
1652769989_mult0.0_dec5e-05_r5.0,1652771369.149,0.995,0.0398
1652769989_mult0.0_dec5e-05_r5.0,1652771423.996,0.9959,0.0379
1652769989_mult0.0_dec5e-05_r5.0,1652771480.156,0.9976,0.0313
1652769989_mult0.0_dec5e-05_r5.0,1652771536.783,0.9968,0.0392
1652769989_mult0.0_dec5e-05_r5.0,1652771596.5,0.9954,0.0332
1652769989_mult0.0_dec5e-05_r5.0,1652771652.691,0.9958,0.0314
1652769989_mult0.0_dec5e-05_r5.0,1652771710.824,0.9967,0.0448
1652769989_mult0.0_dec5e-05_r5.0,1652771768.796,0.9951,0.0369
1652769989_mult0.0_dec5e-05_r5.0,1652771823.588,0.9952,0.0387
1652769989_mult0.0_dec5e-05_r5.0,1652771879.402,0.9973,0.0359
