1652766639_mult0.0_dec5e-05_r0.5,1652766656.182,-0.113,-0.1273
1652766639_mult0.0_dec5e-05_r0.5,1652766656.953,-0.2355,-0.3976
1652766639_mult0.0_dec5e-05_r0.5,1652766658.08,-0.1158,-0.4474
1652766639_mult0.0_dec5e-05_r0.5,1652766659.226,-0.2354,-0.3976
1652766639_mult0.0_dec5e-05_r0.5,1652766660.367,-0.2962,-0.3547
1652766639_mult0.0_dec5e-05_r0.5,1652766661.492,-0.2059,-0.4137
1652766639_mult0.0_dec5e-05_r0.5,1652766662.651,-0.4168,-0.1996
1652766639_mult0.0_dec5e-05_r0.5,1652766663.902,-0.3684,-0.279
1652766639_mult0.0_dec5e-05_r0.5,1652766665.241,-0.4453,-0.1236
1652766639_mult0.0_dec5e-05_r0.5,1652766666.391,-0.4547,-0.0825
1652766639_mult0.0_dec5e-05_r0.5,1652766667.516,-0.4536,-0.0884
1652766639_mult0.0_dec5e-05_r0.5,1652766668.689,-0.441,-0.1381
1652766639_mult0.0_dec5e-05_r0.5,1652766669.815,-0.3176,-0.3356
1652766639_mult0.0_dec5e-05_r0.5,1652766670.969,-0.447,-0.1171
1652766639_mult0.0_dec5e-05_r0.5,1652766672.232,-0.4528,-0.0924
1652766639_mult0.0_dec5e-05_r0.5,1652766673.375,-0.4463,-0.1198
1652766639_mult0.0_dec5e-05_r0.5,1652766674.531,-0.4168,-0.1996
1652766639_mult0.0_dec5e-05_r0.5,1652766675.74,-0.4607,-0.0364
1652766639_mult0.0_dec5e-05_r0.5,1652766676.907,-0.4606,-0.0378
1652766639_mult0.0_dec5e-05_r0.5,1652766678.21,-0.2861,-0.3629
1652766639_mult0.0_dec5e-05_r0.5,1652766679.517,-0.4609,-0.033
1652766639_mult0.0_dec5e-05_r0.5,1652766680.753,-0.4587,-0.0558
1652766639_mult0.0_dec5e-05_r0.5,1652766682.064,-0.4605,-0.0381
1652766639_mult0.0_dec5e-05_r0.5,1652766683.38,-0.4619,0.0152
1652766639_mult0.0_dec5e-05_r0.5,1652766684.533,-0.462,0.0087
1652766639_mult0.0_dec5e-05_r0.5,1652766685.726,-0.4615,-0.0233
1652766639_mult0.0_dec5e-05_r0.5,1652766687.05,-0.4614,-0.0266
1652766639_mult0.0_dec5e-05_r0.5,1652766688.286,-0.4615,-0.0233
1652766639_mult0.0_dec5e-05_r0.5,1652766689.472,-0.4608,-0.0342
1652766639_mult0.0_dec5e-05_r0.5,1652766690.788,-0.4577,-0.0638
