1652766821_mult0.0_dec5e-05_r0.3,1652766858.107,0.2704,-0.1084
1652766821_mult0.0_dec5e-05_r0.3,1652766864.013,0.0367,0.289
1652766821_mult0.0_dec5e-05_r0.3,1652766870.933,0.0053,0.2913
1652766821_mult0.0_dec5e-05_r0.3,1652766877.793,0.0803,0.28
1652766821_mult0.0_dec5e-05_r0.3,1652766884.697,0.171,0.2358
1652766821_mult0.0_dec5e-05_r0.3,1652766891.582,0.0232,0.2904
1652766821_mult0.0_dec5e-05_r0.3,1652766898.478,0.2447,0.1581
1652766821_mult0.0_dec5e-05_r0.3,1652766905.339,0.1252,0.263
1652766821_mult0.0_dec5e-05_r0.3,1652766912.399,0.2597,0.1319
1652766821_mult0.0_dec5e-05_r0.3,1652766919.273,0.2867,0.0519
1652766821_mult0.0_dec5e-05_r0.3,1652766926.15,0.2911,-0.0114
1652766821_mult0.0_dec5e-05_r0.3,1652766933.012,0.2903,0.024
1652766821_mult0.0_dec5e-05_r0.3,1652766940.12,0.2902,-0.0253
1652766821_mult0.0_dec5e-05_r0.3,1652766946.933,0.2906,0.0205
1652766821_mult0.0_dec5e-05_r0.3,1652766953.897,0.2891,0.0355
1652766821_mult0.0_dec5e-05_r0.3,1652766960.717,0.2892,0.0347
1652766821_mult0.0_dec5e-05_r0.3,1652766967.729,0.2837,0.066
1652766821_mult0.0_dec5e-05_r0.3,1652766974.611,0.2875,0.0471
1652766821_mult0.0_dec5e-05_r0.3,1652766981.477,0.2687,-0.1124
1652766821_mult0.0_dec5e-05_r0.3,1652766988.361,0.2862,0.0541
1652766821_mult0.0_dec5e-05_r0.3,1652766995.236,0.2822,-0.0721
1652766821_mult0.0_dec5e-05_r0.3,1652767002.302,0.2555,-0.1399
1652766821_mult0.0_dec5e-05_r0.3,1652767009.204,0.2913,0.003
1652766821_mult0.0_dec5e-05_r0.3,1652767016.053,0.2635,-0.1243
1652766821_mult0.0_dec5e-05_r0.3,1652767022.964,0.2904,-0.0227
1652766821_mult0.0_dec5e-05_r0.3,1652767030.0,0.2876,-0.0464
1652766821_mult0.0_dec5e-05_r0.3,1652767036.903,0.2879,-0.0443
1652766821_mult0.0_dec5e-05_r0.3,1652767043.887,0.2858,-0.0566
1652766821_mult0.0_dec5e-05_r0.3,1652767050.767,0.2912,0.0087
1652766821_mult0.0_dec5e-05_r0.3,1652767057.717,0.2912,-0.0069
