1652766730_mult0.0_dec5e-05_r5.0,1652766746.893,-0.113,-0.1273
1652766730_mult0.0_dec5e-05_r5.0,1652766747.682,-0.4688,-0.2582
1652766730_mult0.0_dec5e-05_r5.0,1652766748.822,0.1104,-0.6534
1652766730_mult0.0_dec5e-05_r5.0,1652766749.974,-0.3157,-0.4506
1652766730_mult0.0_dec5e-05_r5.0,1652766751.12,-0.3253,-0.6519
1652766730_mult0.0_dec5e-05_r5.0,1652766752.264,-0.0101,-0.7311
1652766730_mult0.0_dec5e-05_r5.0,1652766753.42,-0.0651,-0.7232
1652766730_mult0.0_dec5e-05_r5.0,1652766754.563,-0.4828,-0.4873
1652766730_mult0.0_dec5e-05_r5.0,1652766755.777,-0.5453,-0.4524
1652766730_mult0.0_dec5e-05_r5.0,1652766756.929,-0.4379,-0.5358
1652766730_mult0.0_dec5e-05_r5.0,1652766758.088,-0.6078,-0.4146
1652766730_mult0.0_dec5e-05_r5.0,1652766759.254,-0.3642,-0.5248
1652766730_mult0.0_dec5e-05_r5.0,1652766760.4,-0.0045,-0.8016
1652766730_mult0.0_dec5e-05_r5.0,1652766761.562,-0.5912,-0.4484
1652766730_mult0.0_dec5e-05_r5.0,1652766762.714,-0.5333,-0.4561
1652766730_mult0.0_dec5e-05_r5.0,1652766763.876,-0.363,-0.5804
1652766730_mult0.0_dec5e-05_r5.0,1652766765.03,-0.5747,-0.5172
1652766730_mult0.0_dec5e-05_r5.0,1652766766.269,-0.4333,-0.5746
1652766730_mult0.0_dec5e-05_r5.0,1652766767.469,-0.6347,-0.4461
1652766730_mult0.0_dec5e-05_r5.0,1652766768.637,-0.3401,-0.655
1652766730_mult0.0_dec5e-05_r5.0,1652766769.857,-0.7096,-0.3409
1652766730_mult0.0_dec5e-05_r5.0,1652766771.059,-0.6113,-0.5011
1652766730_mult0.0_dec5e-05_r5.0,1652766772.248,-0.6443,-0.445
1652766730_mult0.0_dec5e-05_r5.0,1652766773.462,-0.6849,-0.3894
1652766730_mult0.0_dec5e-05_r5.0,1652766774.633,-0.7721,-0.3363
1652766730_mult0.0_dec5e-05_r5.0,1652766775.822,-0.3293,-0.6554
1652766730_mult0.0_dec5e-05_r5.0,1652766776.999,-0.4282,-0.6644
1652766730_mult0.0_dec5e-05_r5.0,1652766778.191,-0.0357,-0.7658
1652766730_mult0.0_dec5e-05_r5.0,1652766779.365,-0.2453,-0.7425
1652766730_mult0.0_dec5e-05_r5.0,1652766780.56,-0.2978,-0.6741
