1652767558_mult0.0_dec5e-05_r1.0,1652767800.556,-0.2032,-0.2011
1652767558_mult0.0_dec5e-05_r1.0,1652767845.766,0.7451,0.1577
1652767558_mult0.0_dec5e-05_r1.0,1652767895.743,0.7615,-0.0083
1652767558_mult0.0_dec5e-05_r1.0,1652767946.0,0.7519,0.121
1652767558_mult0.0_dec5e-05_r1.0,1652767995.643,0.7615,-0.0093
1652767558_mult0.0_dec5e-05_r1.0,1652768050.616,0.7609,0.0329
1652767558_mult0.0_dec5e-05_r1.0,1652768101.715,0.7613,0.0217
1652767558_mult0.0_dec5e-05_r1.0,1652768152.005,0.7605,0.0415
1652767558_mult0.0_dec5e-05_r1.0,1652768202.852,0.7577,0.0772
1652767558_mult0.0_dec5e-05_r1.0,1652768255.728,0.7564,0.0892
1652767558_mult0.0_dec5e-05_r1.0,1652768308.415,0.7602,0.0462
1652767558_mult0.0_dec5e-05_r1.0,1652768360.168,0.7572,0.0815
1652767558_mult0.0_dec5e-05_r1.0,1652768412.716,0.7572,0.082
1652767558_mult0.0_dec5e-05_r1.0,1652768464.372,0.6851,0.1453
1652767558_mult0.0_dec5e-05_r1.0,1652768516.453,0.7597,0.053
1652767558_mult0.0_dec5e-05_r1.0,1652768570.08,0.7604,0.0431
1652767558_mult0.0_dec5e-05_r1.0,1652768620.969,0.7604,0.0419
1652767558_mult0.0_dec5e-05_r1.0,1652768674.329,0.7611,0.0275
1652767558_mult0.0_dec5e-05_r1.0,1652768725.541,0.7586,0.0673
1652767558_mult0.0_dec5e-05_r1.0,1652768777.428,0.7614,-0.0172
1652767558_mult0.0_dec5e-05_r1.0,1652768830.347,0.7613,0.0202
1652767558_mult0.0_dec5e-05_r1.0,1652768881.539,0.7613,0.0222
1652767558_mult0.0_dec5e-05_r1.0,1652768934.853,0.7603,0.0448
1652767558_mult0.0_dec5e-05_r1.0,1652768984.769,0.7616,0.0043
1652767558_mult0.0_dec5e-05_r1.0,1652769035.296,0.7608,0.0346
1652767558_mult0.0_dec5e-05_r1.0,1652769090.017,0.7616,0.0004
1652767558_mult0.0_dec5e-05_r1.0,1652769144.911,0.7615,0.0134
1652767558_mult0.0_dec5e-05_r1.0,1652769195.908,0.7614,-0.0175
1652767558_mult0.0_dec5e-05_r1.0,1652769246.928,0.7611,-0.0266
1652767558_mult0.0_dec5e-05_r1.0,1652769297.015,0.7611,0.0263
