1652767064_mult0.0_dec5e-05_r1.0,1652767097.4,0.3475,-0.1393
1652767064_mult0.0_dec5e-05_r1.0,1652767103.528,0.0201,0.5923
1652767064_mult0.0_dec5e-05_r1.0,1652767110.674,-0.11,0.5398
1652767064_mult0.0_dec5e-05_r1.0,1652767117.755,0.4101,0.3111
1652767064_mult0.0_dec5e-05_r1.0,1652767125.062,0.7315,0.2121
1652767064_mult0.0_dec5e-05_r1.0,1652767132.186,0.7453,0.1565
1652767064_mult0.0_dec5e-05_r1.0,1652767139.313,0.7614,0.0191
1652767064_mult0.0_dec5e-05_r1.0,1652767146.445,0.7541,-0.1068
1652767064_mult0.0_dec5e-05_r1.0,1652767153.677,0.7522,-0.1191
1652767064_mult0.0_dec5e-05_r1.0,1652767160.836,0.7593,0.0587
1652767064_mult0.0_dec5e-05_r1.0,1652767167.934,0.7604,0.0424
1652767064_mult0.0_dec5e-05_r1.0,1652767175.034,0.7571,-0.0829
1652767064_mult0.0_dec5e-05_r1.0,1652767182.343,0.7144,0.2639
1652767064_mult0.0_dec5e-05_r1.0,1652767189.401,0.7301,0.2166
1652767064_mult0.0_dec5e-05_r1.0,1652767196.557,0.7283,0.2229
1652767064_mult0.0_dec5e-05_r1.0,1652767203.653,0.7269,0.2271
1652767064_mult0.0_dec5e-05_r1.0,1652767211.002,0.7431,0.1667
1652767064_mult0.0_dec5e-05_r1.0,1652767218.104,0.7266,0.2282
1652767064_mult0.0_dec5e-05_r1.0,1652767225.212,0.7274,0.2258
1652767064_mult0.0_dec5e-05_r1.0,1652767232.327,0.7292,0.2199
1652767064_mult0.0_dec5e-05_r1.0,1652767239.455,0.7575,-0.0791
1652767064_mult0.0_dec5e-05_r1.0,1652767246.741,0.7295,0.2187
1652767064_mult0.0_dec5e-05_r1.0,1652767253.88,0.7231,0.2391
1652767064_mult0.0_dec5e-05_r1.0,1652767260.956,0.7191,0.2507
1652767064_mult0.0_dec5e-05_r1.0,1652767268.104,0.7392,0.1833
1652767064_mult0.0_dec5e-05_r1.0,1652767275.383,0.7375,0.19
1652767064_mult0.0_dec5e-05_r1.0,1652767282.558,0.724,0.2362
1652767064_mult0.0_dec5e-05_r1.0,1652767289.609,0.7392,-0.1834
1652767064_mult0.0_dec5e-05_r1.0,1652767296.709,0.7559,-0.0927
1652767064_mult0.0_dec5e-05_r1.0,1652767304.028,0.7458,0.1543
