1652767371_mult0.0_dec5e-05_r0.3,1652767612.356,-0.2032,-0.2011
1652767371_mult0.0_dec5e-05_r0.3,1652767662.492,0.2603,0.1308
1652767371_mult0.0_dec5e-05_r0.3,1652767717.813,0.2857,0.0568
1652767371_mult0.0_dec5e-05_r0.3,1652767773.55,0.2692,0.1112
1652767371_mult0.0_dec5e-05_r0.3,1652767829.388,0.2844,0.0629
1652767371_mult0.0_dec5e-05_r0.3,1652767885.573,0.2811,0.0765
1652767371_mult0.0_dec5e-05_r0.3,1652767941.296,0.2666,0.1174
1652767371_mult0.0_dec5e-05_r0.3,1652767996.89,0.2627,0.1258
1652767371_mult0.0_dec5e-05_r0.3,1652768052.585,0.278,0.0872
1652767371_mult0.0_dec5e-05_r0.3,1652768108.208,0.2891,0.0358
1652767371_mult0.0_dec5e-05_r0.3,1652768163.854,0.2821,0.0729
1652767371_mult0.0_dec5e-05_r0.3,1652768219.392,0.277,0.0902
1652767371_mult0.0_dec5e-05_r0.3,1652768275.48,0.2913,-0.0051
1652767371_mult0.0_dec5e-05_r0.3,1652768331.335,0.2913,-0.0036
1652767371_mult0.0_dec5e-05_r0.3,1652768387.321,0.2906,0.0205
1652767371_mult0.0_dec5e-05_r0.3,1652768443.879,0.2905,0.0213
1652767371_mult0.0_dec5e-05_r0.3,1652768499.388,0.2911,0.0123
1652767371_mult0.0_dec5e-05_r0.3,1652768555.23,0.2699,0.1096
1652767371_mult0.0_dec5e-05_r0.3,1652768610.555,0.2908,0.0181
1652767371_mult0.0_dec5e-05_r0.3,1652768666.483,0.2912,0.0062
1652767371_mult0.0_dec5e-05_r0.3,1652768722.236,0.2908,0.0179
1652767371_mult0.0_dec5e-05_r0.3,1652768778.333,0.2901,0.027
1652767371_mult0.0_dec5e-05_r0.3,1652768834.543,0.2863,0.0537
1652767371_mult0.0_dec5e-05_r0.3,1652768890.243,0.2904,0.0234
1652767371_mult0.0_dec5e-05_r0.3,1652768945.716,0.2894,0.0333
1652767371_mult0.0_dec5e-05_r0.3,1652769001.441,0.2909,0.0159
1652767371_mult0.0_dec5e-05_r0.3,1652769056.651,0.2892,0.0352
1652767371_mult0.0_dec5e-05_r0.3,1652769112.655,0.2906,0.02
1652767371_mult0.0_dec5e-05_r0.3,1652769168.35,0.2887,0.0386
1652767371_mult0.0_dec5e-05_r0.3,1652769223.779,0.2886,0.0397
