1652767035_mult0.0_dec5e-05_r0.7,1652767074.322,0.3475,-0.1393
1652767035_mult0.0_dec5e-05_r0.7,1652767082.139,0.0729,0.6
1652767035_mult0.0_dec5e-05_r0.7,1652767091.311,-0.0751,0.5997
1652767035_mult0.0_dec5e-05_r0.7,1652767100.432,0.5749,0.1864
1652767035_mult0.0_dec5e-05_r0.7,1652767109.543,0.3938,0.4585
1652767035_mult0.0_dec5e-05_r0.7,1652767118.523,0.5959,0.1009
1652767035_mult0.0_dec5e-05_r0.7,1652767127.817,0.4315,0.4232
1652767035_mult0.0_dec5e-05_r0.7,1652767136.855,0.59,0.1309
1652767035_mult0.0_dec5e-05_r0.7,1652767145.872,0.5834,0.158
1652767035_mult0.0_dec5e-05_r0.7,1652767155.108,0.5883,0.1386
1652767035_mult0.0_dec5e-05_r0.7,1652767164.133,0.6043,0.0074
1652767035_mult0.0_dec5e-05_r0.7,1652767173.181,0.5932,0.1155
1652767035_mult0.0_dec5e-05_r0.7,1652767182.454,0.5795,0.1717
1652767035_mult0.0_dec5e-05_r0.7,1652767191.45,0.592,0.1218
1652767035_mult0.0_dec5e-05_r0.7,1652767200.539,0.5879,-0.1403
1652767035_mult0.0_dec5e-05_r0.7,1652767209.543,0.6037,0.0279
1652767035_mult0.0_dec5e-05_r0.7,1652767218.826,0.5929,-0.1171
1652767035_mult0.0_dec5e-05_r0.7,1652767227.887,0.5887,0.1367
1652767035_mult0.0_dec5e-05_r0.7,1652767236.906,0.5978,-0.0887
1652767035_mult0.0_dec5e-05_r0.7,1652767246.168,0.5691,0.2035
1652767035_mult0.0_dec5e-05_r0.7,1652767255.218,0.5667,0.2099
1652767035_mult0.0_dec5e-05_r0.7,1652767264.259,0.5603,0.2266
1652767035_mult0.0_dec5e-05_r0.7,1652767273.522,0.5767,0.1806
1652767035_mult0.0_dec5e-05_r0.7,1652767282.496,0.5674,0.2082
1652767035_mult0.0_dec5e-05_r0.7,1652767291.608,0.5973,0.0925
1652767035_mult0.0_dec5e-05_r0.7,1652767300.788,0.5989,0.0814
1652767035_mult0.0_dec5e-05_r0.7,1652767309.869,0.5846,0.1532
1652767035_mult0.0_dec5e-05_r0.7,1652767318.659,0.6032,-0.0382
1652767035_mult0.0_dec5e-05_r0.7,1652767327.358,0.5968,0.0955
1652767035_mult0.0_dec5e-05_r0.7,1652767336.367,0.5869,0.1441
