1652766551_mult0.0_dec5e-05_r0.01,1652766570.332,-0.0066,-0.0075
1652766551_mult0.0_dec5e-05_r0.01,1652766571.116,-0.0099,-0.0016
1652766551_mult0.0_dec5e-05_r0.01,1652766572.24,-0.0063,-0.0077
1652766551_mult0.0_dec5e-05_r0.01,1652766573.364,-0.0027,-0.0096
1652766551_mult0.0_dec5e-05_r0.01,1652766574.468,-0.0058,-0.0082
1652766551_mult0.0_dec5e-05_r0.01,1652766575.76,-0.0037,-0.0093
1652766551_mult0.0_dec5e-05_r0.01,1652766576.88,-0.0063,-0.0078
1652766551_mult0.0_dec5e-05_r0.01,1652766578.004,-0.0076,-0.0065
1652766551_mult0.0_dec5e-05_r0.01,1652766579.129,-0.0083,-0.0056
1652766551_mult0.0_dec5e-05_r0.01,1652766580.236,-0.008,-0.006
1652766551_mult0.0_dec5e-05_r0.01,1652766581.358,-0.0066,-0.0075
1652766551_mult0.0_dec5e-05_r0.01,1652766582.47,-0.0096,-0.0029
1652766551_mult0.0_dec5e-05_r0.01,1652766583.587,-0.0057,-0.0082
1652766551_mult0.0_dec5e-05_r0.01,1652766584.699,-0.0098,-0.0021
1652766551_mult0.0_dec5e-05_r0.01,1652766585.824,-0.0088,-0.0048
1652766551_mult0.0_dec5e-05_r0.01,1652766586.965,-0.0085,-0.0052
1652766551_mult0.0_dec5e-05_r0.01,1652766588.085,-0.0062,-0.0079
1652766551_mult0.0_dec5e-05_r0.01,1652766589.289,-0.0099,-0.0014
1652766551_mult0.0_dec5e-05_r0.01,1652766590.421,-0.0097,-0.0024
1652766551_mult0.0_dec5e-05_r0.01,1652766591.565,-0.0098,-0.002
1652766551_mult0.0_dec5e-05_r0.01,1652766592.763,-0.0094,-0.0034
1652766551_mult0.0_dec5e-05_r0.01,1652766593.923,-0.0063,-0.0078
1652766551_mult0.0_dec5e-05_r0.01,1652766595.069,-0.0088,-0.0047
1652766551_mult0.0_dec5e-05_r0.01,1652766596.223,-0.0099,-0.0017
1652766551_mult0.0_dec5e-05_r0.01,1652766597.378,-0.01,-0.0003
1652766551_mult0.0_dec5e-05_r0.01,1652766598.521,-0.0098,-0.0018
1652766551_mult0.0_dec5e-05_r0.01,1652766599.68,-0.0055,-0.0083
1652766551_mult0.0_dec5e-05_r0.01,1652766600.827,-0.01,-0.0008
1652766551_mult0.0_dec5e-05_r0.01,1652766601.976,-0.0093,-0.0036
1652766551_mult0.0_dec5e-05_r0.01,1652766603.126,-0.0093,-0.0036
