1652767371_mult0.0_dec5e-05_r0.5,1652767611.035,-0.2032,-0.2011
1652767371_mult0.0_dec5e-05_r0.5,1652767656.295,0.4545,0.0838
1652767371_mult0.0_dec5e-05_r0.5,1652767706.45,0.4608,0.0347
1652767371_mult0.0_dec5e-05_r0.5,1652767756.715,0.4526,0.0932
1652767371_mult0.0_dec5e-05_r0.5,1652767811.496,0.4597,0.0474
1652767371_mult0.0_dec5e-05_r0.5,1652767860.984,0.4612,0.0297
1652767371_mult0.0_dec5e-05_r0.5,1652767916.104,0.4472,0.1165
1652767371_mult0.0_dec5e-05_r0.5,1652767967.601,0.456,0.0751
1652767371_mult0.0_dec5e-05_r0.5,1652768021.949,0.455,0.0806
1652767371_mult0.0_dec5e-05_r0.5,1652768075.837,0.4604,-0.0402
1652767371_mult0.0_dec5e-05_r0.5,1652768124.947,0.4546,-0.0829
1652767371_mult0.0_dec5e-05_r0.5,1652768179.52,0.4596,0.0482
1652767371_mult0.0_dec5e-05_r0.5,1652768228.82,0.456,0.0751
1652767371_mult0.0_dec5e-05_r0.5,1652768282.128,0.4543,0.0847
1652767371_mult0.0_dec5e-05_r0.5,1652768335.722,0.4504,0.1036
1652767371_mult0.0_dec5e-05_r0.5,1652768389.479,0.4538,0.0874
1652767371_mult0.0_dec5e-05_r0.5,1652768439.361,0.457,0.0688
1652767371_mult0.0_dec5e-05_r0.5,1652768492.926,0.4501,0.1045
1652767371_mult0.0_dec5e-05_r0.5,1652768542.185,0.4522,0.0954
1652767371_mult0.0_dec5e-05_r0.5,1652768596.931,0.4549,0.0812
1652767371_mult0.0_dec5e-05_r0.5,1652768650.818,0.4513,0.0995
1652767371_mult0.0_dec5e-05_r0.5,1652768705.536,0.4602,0.0416
1652767371_mult0.0_dec5e-05_r0.5,1652768760.75,0.4445,0.1264
1652767371_mult0.0_dec5e-05_r0.5,1652768813.45,0.4517,0.0974
1652767371_mult0.0_dec5e-05_r0.5,1652768867.49,0.4543,0.0844
1652767371_mult0.0_dec5e-05_r0.5,1652768916.498,0.4546,0.083
1652767371_mult0.0_dec5e-05_r0.5,1652768970.771,0.455,0.0809
1652767371_mult0.0_dec5e-05_r0.5,1652769020.927,0.4514,0.0989
1652767371_mult0.0_dec5e-05_r0.5,1652769070.649,0.4594,0.0502
1652767371_mult0.0_dec5e-05_r0.5,1652769124.521,0.4606,0.0374
