1652767371_mult0.0_dec5e-05_r0.7,1652767615.855,-0.2032,-0.2011
1652767371_mult0.0_dec5e-05_r0.7,1652767665.724,0.5092,0.3255
1652767371_mult0.0_dec5e-05_r0.7,1652767721.129,0.6019,0.0548
1652767371_mult0.0_dec5e-05_r0.7,1652767776.756,0.5825,0.1612
1652767371_mult0.0_dec5e-05_r0.7,1652767832.914,0.6043,0.0061
1652767371_mult0.0_dec5e-05_r0.7,1652767888.84,0.6042,-0.0143
1652767371_mult0.0_dec5e-05_r0.7,1652767944.499,0.6035,0.0332
1652767371_mult0.0_dec5e-05_r0.7,1652768000.258,0.6019,0.0545
1652767371_mult0.0_dec5e-05_r0.7,1652768055.788,0.6032,0.0376
1652767371_mult0.0_dec5e-05_r0.7,1652768110.832,0.6042,0.0153
1652767371_mult0.0_dec5e-05_r0.7,1652768166.638,0.604,0.0199
1652767371_mult0.0_dec5e-05_r0.7,1652768222.098,0.6044,-0.0027
1652767371_mult0.0_dec5e-05_r0.7,1652768277.779,0.5541,0.2414
1652767371_mult0.0_dec5e-05_r0.7,1652768333.705,0.6043,0.0109
1652767371_mult0.0_dec5e-05_r0.7,1652768389.36,0.6038,0.0256
1652767371_mult0.0_dec5e-05_r0.7,1652768445.166,0.6039,0.025
1652767371_mult0.0_dec5e-05_r0.7,1652768500.711,0.6039,0.0242
1652767371_mult0.0_dec5e-05_r0.7,1652768556.117,0.6044,0.0045
1652767371_mult0.0_dec5e-05_r0.7,1652768611.438,0.6037,0.0281
1652767371_mult0.0_dec5e-05_r0.7,1652768667.405,0.604,-0.0201
1652767371_mult0.0_dec5e-05_r0.7,1652768723.268,0.6042,0.0145
1652767371_mult0.0_dec5e-05_r0.7,1652768779.007,0.6038,0.0265
1652767371_mult0.0_dec5e-05_r0.7,1652768834.565,0.6043,0.0058
1652767371_mult0.0_dec5e-05_r0.7,1652768889.73,0.6039,-0.0225
1652767371_mult0.0_dec5e-05_r0.7,1652768944.993,0.604,-0.0221
1652767371_mult0.0_dec5e-05_r0.7,1652769000.483,0.6044,0.0012
1652767371_mult0.0_dec5e-05_r0.7,1652769055.82,0.6043,0.008
1652767371_mult0.0_dec5e-05_r0.7,1652769111.834,0.603,-0.0399
1652767371_mult0.0_dec5e-05_r0.7,1652769167.403,0.6044,0.0031
1652767371_mult0.0_dec5e-05_r0.7,1652769222.939,0.6044,0.0036
